{"D:\\PROJECT\\sarana-app\\apps\\branch-service\\src\\controllers\\branchController.js": {"path":"D:\\PROJECT\\sarana-app\\apps\\branch-service\\src\\controllers\\branchController.js","statementMap":{"0":{"start":{"line":6,"column":15},"end":{"line":6,"column":42}},"1":{"start":{"line":7,"column":22},"end":{"line":7,"column":56}},"2":{"start":{"line":8,"column":19},"end":{"line":8,"column":45}},"3":{"start":{"line":9,"column":17},"end":{"line":9,"column":36}},"4":{"start":{"line":10,"column":28},"end":{"line":10,"column":42}},"5":{"start":{"line":19,"column":23},"end":{"line":89,"column":1}},"6":{"start":{"line":20,"column":2},"end":{"line":88,"column":3}},"7":{"start":{"line":31,"column":8},"end":{"line":31,"column":17}},"8":{"start":{"line":33,"column":17},"end":{"line":33,"column":55}},"9":{"start":{"line":34,"column":26},"end":{"line":34,"column":55}},"10":{"start":{"line":35,"column":24},"end":{"line":35,"column":51}},"11":{"start":{"line":38,"column":18},"end":{"line":38,"column":20}},"12":{"start":{"line":40,"column":4},"end":{"line":45,"column":5}},"13":{"start":{"line":41,"column":6},"end":{"line":44,"column":8}},"14":{"start":{"line":47,"column":4},"end":{"line":49,"column":5}},"15":{"start":{"line":48,"column":6},"end":{"line":48,"column":24}},"16":{"start":{"line":51,"column":4},"end":{"line":53,"column":5}},"17":{"start":{"line":52,"column":6},"end":{"line":52,"column":28}},"18":{"start":{"line":55,"column":4},"end":{"line":57,"column":5}},"19":{"start":{"line":56,"column":6},"end":{"line":56,"column":62}},"20":{"start":{"line":59,"column":4},"end":{"line":61,"column":5}},"21":{"start":{"line":60,"column":6},"end":{"line":60,"column":64}},"22":{"start":{"line":64,"column":21},"end":{"line":68,"column":40}},"23":{"start":{"line":71,"column":18},"end":{"line":71,"column":52}},"24":{"start":{"line":73,"column":4},"end":{"line":84,"column":7}},"25":{"start":{"line":86,"column":4},"end":{"line":86,"column":51}},"26":{"start":{"line":87,"column":4},"end":{"line":87,"column":16}},"27":{"start":{"line":98,"column":22},"end":{"line":127,"column":1}},"28":{"start":{"line":99,"column":2},"end":{"line":126,"column":3}},"29":{"start":{"line":100,"column":19},"end":{"line":100,"column":29}},"30":{"start":{"line":102,"column":4},"end":{"line":107,"column":5}},"31":{"start":{"line":103,"column":6},"end":{"line":106,"column":9}},"32":{"start":{"line":109,"column":19},"end":{"line":110,"column":40}},"33":{"start":{"line":112,"column":4},"end":{"line":117,"column":5}},"34":{"start":{"line":113,"column":6},"end":{"line":116,"column":9}},"35":{"start":{"line":119,"column":4},"end":{"line":122,"column":7}},"36":{"start":{"line":124,"column":4},"end":{"line":124,"column":66}},"37":{"start":{"line":125,"column":4},"end":{"line":125,"column":16}},"38":{"start":{"line":136,"column":21},"end":{"line":184,"column":1}},"39":{"start":{"line":137,"column":2},"end":{"line":183,"column":3}},"40":{"start":{"line":138,"column":23},"end":{"line":138,"column":31}},"41":{"start":{"line":139,"column":19},"end":{"line":139,"column":31}},"42":{"start":{"line":142,"column":4},"end":{"line":157,"column":5}},"43":{"start":{"line":143,"column":6},"end":{"line":148,"column":7}},"44":{"start":{"line":144,"column":8},"end":{"line":147,"column":11}},"45":{"start":{"line":150,"column":27},"end":{"line":150,"column":69}},"46":{"start":{"line":151,"column":6},"end":{"line":156,"column":7}},"47":{"start":{"line":152,"column":8},"end":{"line":155,"column":11}},"48":{"start":{"line":160,"column":4},"end":{"line":160,"column":34}},"49":{"start":{"line":161,"column":4},"end":{"line":161,"column":34}},"50":{"start":{"line":164,"column":4},"end":{"line":168,"column":7}},"51":{"start":{"line":171,"column":19},"end":{"line":171,"column":50}},"52":{"start":{"line":174,"column":4},"end":{"line":174,"column":78}},"53":{"start":{"line":176,"column":4},"end":{"line":179,"column":7}},"54":{"start":{"line":181,"column":4},"end":{"line":181,"column":50}},"55":{"start":{"line":182,"column":4},"end":{"line":182,"column":16}},"56":{"start":{"line":193,"column":21},"end":{"line":302,"column":1}},"57":{"start":{"line":194,"column":2},"end":{"line":301,"column":3}},"58":{"start":{"line":195,"column":19},"end":{"line":195,"column":29}},"59":{"start":{"line":196,"column":23},"end":{"line":196,"column":31}},"60":{"start":{"line":197,"column":19},"end":{"line":197,"column":31}},"61":{"start":{"line":199,"column":4},"end":{"line":204,"column":5}},"62":{"start":{"line":200,"column":6},"end":{"line":203,"column":9}},"63":{"start":{"line":207,"column":19},"end":{"line":207,"column":44}},"64":{"start":{"line":208,"column":4},"end":{"line":213,"column":5}},"65":{"start":{"line":209,"column":6},"end":{"line":212,"column":9}},"66":{"start":{"line":216,"column":4},"end":{"line":250,"column":5}},"67":{"start":{"line":217,"column":6},"end":{"line":222,"column":7}},"68":{"start":{"line":218,"column":8},"end":{"line":221,"column":11}},"69":{"start":{"line":225,"column":6},"end":{"line":230,"column":7}},"70":{"start":{"line":226,"column":8},"end":{"line":229,"column":11}},"71":{"start":{"line":232,"column":27},"end":{"line":232,"column":69}},"72":{"start":{"line":233,"column":6},"end":{"line":238,"column":7}},"73":{"start":{"line":234,"column":8},"end":{"line":237,"column":11}},"74":{"start":{"line":241,"column":26},"end":{"line":241,"column":55}},"75":{"start":{"line":242,"column":28},"end":{"line":242,"column":66}},"76":{"start":{"line":242,"column":49},"end":{"line":242,"column":65}},"77":{"start":{"line":244,"column":6},"end":{"line":249,"column":7}},"78":{"start":{"line":245,"column":8},"end":{"line":248,"column":11}},"79":{"start":{"line":253,"column":4},"end":{"line":253,"column":34}},"80":{"start":{"line":256,"column":4},"end":{"line":275,"column":5}},"81":{"start":{"line":257,"column":6},"end":{"line":261,"column":8}},"82":{"start":{"line":264,"column":6},"end":{"line":270,"column":8}},"83":{"start":{"line":273,"column":6},"end":{"line":273,"column":31}},"84":{"start":{"line":274,"column":6},"end":{"line":274,"column":37}},"85":{"start":{"line":278,"column":4},"end":{"line":288,"column":5}},"86":{"start":{"line":279,"column":6},"end":{"line":287,"column":7}},"87":{"start":{"line":280,"column":8},"end":{"line":286,"column":10}},"88":{"start":{"line":291,"column":4},"end":{"line":291,"column":38}},"89":{"start":{"line":292,"column":4},"end":{"line":292,"column":24}},"90":{"start":{"line":294,"column":4},"end":{"line":297,"column":7}},"91":{"start":{"line":299,"column":4},"end":{"line":299,"column":67}},"92":{"start":{"line":300,"column":4},"end":{"line":300,"column":16}},"93":{"start":{"line":311,"column":21},"end":{"line":363,"column":1}},"94":{"start":{"line":312,"column":2},"end":{"line":362,"column":3}},"95":{"start":{"line":313,"column":19},"end":{"line":313,"column":29}},"96":{"start":{"line":314,"column":19},"end":{"line":314,"column":31}},"97":{"start":{"line":316,"column":4},"end":{"line":321,"column":5}},"98":{"start":{"line":317,"column":6},"end":{"line":320,"column":9}},"99":{"start":{"line":324,"column":19},"end":{"line":324,"column":44}},"100":{"start":{"line":325,"column":4},"end":{"line":330,"column":5}},"101":{"start":{"line":326,"column":6},"end":{"line":329,"column":9}},"102":{"start":{"line":333,"column":21},"end":{"line":333,"column":47}},"103":{"start":{"line":334,"column":4},"end":{"line":339,"column":5}},"104":{"start":{"line":335,"column":6},"end":{"line":338,"column":9}},"105":{"start":{"line":342,"column":23},"end":{"line":342,"column":40}},"106":{"start":{"line":345,"column":4},"end":{"line":345,"column":40}},"107":{"start":{"line":348,"column":4},"end":{"line":353,"column":6}},"108":{"start":{"line":355,"column":4},"end":{"line":358,"column":7}},"109":{"start":{"line":360,"column":4},"end":{"line":360,"column":67}},"110":{"start":{"line":361,"column":4},"end":{"line":361,"column":16}},"111":{"start":{"line":372,"column":27},"end":{"line":432,"column":1}},"112":{"start":{"line":373,"column":2},"end":{"line":431,"column":3}},"113":{"start":{"line":374,"column":19},"end":{"line":374,"column":29}},"114":{"start":{"line":375,"column":31},"end":{"line":375,"column":39}},"115":{"start":{"line":376,"column":19},"end":{"line":376,"column":31}},"116":{"start":{"line":378,"column":4},"end":{"line":383,"column":5}},"117":{"start":{"line":379,"column":6},"end":{"line":382,"column":9}},"118":{"start":{"line":385,"column":4},"end":{"line":390,"column":5}},"119":{"start":{"line":386,"column":6},"end":{"line":389,"column":9}},"120":{"start":{"line":393,"column":19},"end":{"line":393,"column":44}},"121":{"start":{"line":394,"column":4},"end":{"line":399,"column":5}},"122":{"start":{"line":395,"column":6},"end":{"line":398,"column":9}},"123":{"start":{"line":402,"column":4},"end":{"line":407,"column":5}},"124":{"start":{"line":403,"column":6},"end":{"line":406,"column":9}},"125":{"start":{"line":410,"column":22},"end":{"line":410,"column":35}},"126":{"start":{"line":411,"column":4},"end":{"line":411,"column":52}},"127":{"start":{"line":412,"column":4},"end":{"line":412,"column":30}},"128":{"start":{"line":413,"column":4},"end":{"line":413,"column":24}},"129":{"start":{"line":416,"column":4},"end":{"line":422,"column":6}},"130":{"start":{"line":424,"column":4},"end":{"line":427,"column":7}},"131":{"start":{"line":429,"column":4},"end":{"line":429,"column":74}},"132":{"start":{"line":430,"column":4},"end":{"line":430,"column":16}},"133":{"start":{"line":441,"column":27},"end":{"line":479,"column":1}},"134":{"start":{"line":442,"column":2},"end":{"line":478,"column":3}},"135":{"start":{"line":444,"column":21},"end":{"line":446,"column":34}},"136":{"start":{"line":449,"column":22},"end":{"line":449,"column":24}},"137":{"start":{"line":450,"column":22},"end":{"line":450,"column":24}},"138":{"start":{"line":453,"column":4},"end":{"line":458,"column":7}},"139":{"start":{"line":454,"column":6},"end":{"line":457,"column":8}},"140":{"start":{"line":461,"column":4},"end":{"line":469,"column":7}},"141":{"start":{"line":462,"column":6},"end":{"line":468,"column":7}},"142":{"start":{"line":464,"column":8},"end":{"line":464,"column":72}},"143":{"start":{"line":467,"column":8},"end":{"line":467,"column":46}},"144":{"start":{"line":471,"column":4},"end":{"line":474,"column":7}},"145":{"start":{"line":476,"column":4},"end":{"line":476,"column":59}},"146":{"start":{"line":477,"column":4},"end":{"line":477,"column":16}},"147":{"start":{"line":488,"column":26},"end":{"line":528,"column":1}},"148":{"start":{"line":489,"column":2},"end":{"line":527,"column":3}},"149":{"start":{"line":490,"column":19},"end":{"line":490,"column":29}},"150":{"start":{"line":492,"column":4},"end":{"line":497,"column":5}},"151":{"start":{"line":493,"column":6},"end":{"line":496,"column":9}},"152":{"start":{"line":500,"column":19},"end":{"line":500,"column":44}},"153":{"start":{"line":501,"column":4},"end":{"line":506,"column":5}},"154":{"start":{"line":502,"column":6},"end":{"line":505,"column":9}},"155":{"start":{"line":509,"column":21},"end":{"line":509,"column":47}},"156":{"start":{"line":512,"column":22},"end":{"line":512,"column":24}},"157":{"start":{"line":513,"column":4},"end":{"line":515,"column":5}},"158":{"start":{"line":514,"column":6},"end":{"line":514,"column":50}},"159":{"start":{"line":517,"column":4},"end":{"line":523,"column":7}},"160":{"start":{"line":525,"column":4},"end":{"line":525,"column":75}},"161":{"start":{"line":526,"column":4},"end":{"line":526,"column":16}},"162":{"start":{"line":537,"column":27},"end":{"line":568,"column":1}},"163":{"start":{"line":538,"column":2},"end":{"line":567,"column":3}},"164":{"start":{"line":539,"column":19},"end":{"line":539,"column":29}},"165":{"start":{"line":541,"column":4},"end":{"line":546,"column":5}},"166":{"start":{"line":542,"column":6},"end":{"line":545,"column":9}},"167":{"start":{"line":549,"column":19},"end":{"line":549,"column":44}},"168":{"start":{"line":550,"column":4},"end":{"line":555,"column":5}},"169":{"start":{"line":551,"column":6},"end":{"line":554,"column":9}},"170":{"start":{"line":558,"column":22},"end":{"line":558,"column":49}},"171":{"start":{"line":560,"column":4},"end":{"line":563,"column":7}},"172":{"start":{"line":565,"column":4},"end":{"line":565,"column":76}},"173":{"start":{"line":566,"column":4},"end":{"line":566,"column":16}},"174":{"start":{"line":577,"column":30},"end":{"line":623,"column":1}},"175":{"start":{"line":578,"column":2},"end":{"line":622,"column":3}},"176":{"start":{"line":579,"column":19},"end":{"line":579,"column":29}},"177":{"start":{"line":580,"column":25},"end":{"line":580,"column":33}},"178":{"start":{"line":581,"column":19},"end":{"line":581,"column":31}},"179":{"start":{"line":583,"column":4},"end":{"line":588,"column":5}},"180":{"start":{"line":584,"column":6},"end":{"line":587,"column":9}},"181":{"start":{"line":591,"column":19},"end":{"line":591,"column":44}},"182":{"start":{"line":592,"column":4},"end":{"line":597,"column":5}},"183":{"start":{"line":593,"column":6},"end":{"line":596,"column":9}},"184":{"start":{"line":600,"column":25},"end":{"line":600,"column":59}},"185":{"start":{"line":603,"column":4},"end":{"line":603,"column":41}},"186":{"start":{"line":604,"column":4},"end":{"line":604,"column":30}},"187":{"start":{"line":605,"column":4},"end":{"line":605,"column":24}},"188":{"start":{"line":608,"column":4},"end":{"line":613,"column":6}},"189":{"start":{"line":615,"column":4},"end":{"line":618,"column":7}},"190":{"start":{"line":620,"column":4},"end":{"line":620,"column":77}},"191":{"start":{"line":621,"column":4},"end":{"line":621,"column":16}},"192":{"start":{"line":632,"column":39},"end":{"line":679,"column":1}},"193":{"start":{"line":633,"column":2},"end":{"line":678,"column":3}},"194":{"start":{"line":634,"column":19},"end":{"line":634,"column":29}},"195":{"start":{"line":635,"column":24},"end":{"line":635,"column":32}},"196":{"start":{"line":636,"column":19},"end":{"line":636,"column":31}},"197":{"start":{"line":638,"column":4},"end":{"line":643,"column":5}},"198":{"start":{"line":639,"column":6},"end":{"line":642,"column":9}},"199":{"start":{"line":646,"column":19},"end":{"line":646,"column":44}},"200":{"start":{"line":647,"column":4},"end":{"line":652,"column":5}},"201":{"start":{"line":648,"column":6},"end":{"line":651,"column":9}},"202":{"start":{"line":655,"column":23},"end":{"line":655,"column":66}},"203":{"start":{"line":658,"column":4},"end":{"line":658,"column":49}},"204":{"start":{"line":659,"column":4},"end":{"line":659,"column":30}},"205":{"start":{"line":660,"column":4},"end":{"line":660,"column":24}},"206":{"start":{"line":663,"column":4},"end":{"line":669,"column":6}},"207":{"start":{"line":671,"column":4},"end":{"line":674,"column":7}},"208":{"start":{"line":676,"column":4},"end":{"line":676,"column":87}},"209":{"start":{"line":677,"column":4},"end":{"line":677,"column":16}},"210":{"start":{"line":688,"column":26},"end":{"line":744,"column":1}},"211":{"start":{"line":689,"column":2},"end":{"line":743,"column":3}},"212":{"start":{"line":690,"column":19},"end":{"line":690,"column":29}},"213":{"start":{"line":691,"column":25},"end":{"line":691,"column":33}},"214":{"start":{"line":692,"column":19},"end":{"line":692,"column":31}},"215":{"start":{"line":694,"column":4},"end":{"line":699,"column":5}},"216":{"start":{"line":695,"column":6},"end":{"line":698,"column":9}},"217":{"start":{"line":702,"column":4},"end":{"line":707,"column":5}},"218":{"start":{"line":703,"column":6},"end":{"line":706,"column":9}},"219":{"start":{"line":710,"column":19},"end":{"line":710,"column":44}},"220":{"start":{"line":711,"column":4},"end":{"line":716,"column":5}},"221":{"start":{"line":712,"column":6},"end":{"line":715,"column":9}},"222":{"start":{"line":719,"column":4},"end":{"line":722,"column":7}},"223":{"start":{"line":723,"column":4},"end":{"line":723,"column":30}},"224":{"start":{"line":724,"column":4},"end":{"line":724,"column":24}},"225":{"start":{"line":727,"column":24},"end":{"line":727,"column":69}},"226":{"start":{"line":730,"column":4},"end":{"line":734,"column":6}},"227":{"start":{"line":736,"column":4},"end":{"line":739,"column":7}},"228":{"start":{"line":741,"column":4},"end":{"line":741,"column":74}},"229":{"start":{"line":742,"column":4},"end":{"line":742,"column":16}},"230":{"start":{"line":753,"column":29},"end":{"line":813,"column":1}},"231":{"start":{"line":754,"column":2},"end":{"line":812,"column":3}},"232":{"start":{"line":755,"column":31},"end":{"line":755,"column":41}},"233":{"start":{"line":756,"column":25},"end":{"line":756,"column":33}},"234":{"start":{"line":757,"column":19},"end":{"line":757,"column":31}},"235":{"start":{"line":759,"column":4},"end":{"line":764,"column":5}},"236":{"start":{"line":760,"column":6},"end":{"line":763,"column":9}},"237":{"start":{"line":767,"column":19},"end":{"line":767,"column":44}},"238":{"start":{"line":768,"column":4},"end":{"line":773,"column":5}},"239":{"start":{"line":769,"column":6},"end":{"line":772,"column":9}},"240":{"start":{"line":776,"column":21},"end":{"line":776,"column":52}},"241":{"start":{"line":777,"column":4},"end":{"line":782,"column":5}},"242":{"start":{"line":778,"column":6},"end":{"line":781,"column":9}},"243":{"start":{"line":785,"column":24},"end":{"line":785,"column":43}},"244":{"start":{"line":788,"column":4},"end":{"line":792,"column":7}},"245":{"start":{"line":789,"column":6},"end":{"line":791,"column":7}},"246":{"start":{"line":790,"column":8},"end":{"line":790,"column":42}},"247":{"start":{"line":794,"column":4},"end":{"line":794,"column":30}},"248":{"start":{"line":795,"column":4},"end":{"line":795,"column":24}},"249":{"start":{"line":798,"column":4},"end":{"line":803,"column":6}},"250":{"start":{"line":805,"column":4},"end":{"line":808,"column":7}},"251":{"start":{"line":810,"column":4},"end":{"line":810,"column":101}},"252":{"start":{"line":811,"column":4},"end":{"line":811,"column":16}},"253":{"start":{"line":822,"column":29},"end":{"line":878,"column":1}},"254":{"start":{"line":823,"column":2},"end":{"line":877,"column":3}},"255":{"start":{"line":824,"column":31},"end":{"line":824,"column":41}},"256":{"start":{"line":825,"column":19},"end":{"line":825,"column":31}},"257":{"start":{"line":827,"column":4},"end":{"line":832,"column":5}},"258":{"start":{"line":828,"column":6},"end":{"line":831,"column":9}},"259":{"start":{"line":835,"column":19},"end":{"line":835,"column":44}},"260":{"start":{"line":836,"column":4},"end":{"line":841,"column":5}},"261":{"start":{"line":837,"column":6},"end":{"line":840,"column":9}},"262":{"start":{"line":844,"column":21},"end":{"line":844,"column":52}},"263":{"start":{"line":845,"column":4},"end":{"line":850,"column":5}},"264":{"start":{"line":846,"column":6},"end":{"line":849,"column":9}},"265":{"start":{"line":853,"column":25},"end":{"line":853,"column":44}},"266":{"start":{"line":856,"column":4},"end":{"line":856,"column":22}},"267":{"start":{"line":857,"column":4},"end":{"line":857,"column":30}},"268":{"start":{"line":858,"column":4},"end":{"line":858,"column":24}},"269":{"start":{"line":861,"column":4},"end":{"line":868,"column":6}},"270":{"start":{"line":870,"column":4},"end":{"line":873,"column":7}},"271":{"start":{"line":875,"column":4},"end":{"line":875,"column":101}},"272":{"start":{"line":876,"column":4},"end":{"line":876,"column":16}},"273":{"start":{"line":887,"column":37},"end":{"line":967,"column":1}},"274":{"start":{"line":888,"column":2},"end":{"line":966,"column":3}},"275":{"start":{"line":889,"column":19},"end":{"line":889,"column":29}},"276":{"start":{"line":890,"column":33},"end":{"line":890,"column":41}},"277":{"start":{"line":891,"column":19},"end":{"line":891,"column":31}},"278":{"start":{"line":893,"column":4},"end":{"line":898,"column":5}},"279":{"start":{"line":894,"column":6},"end":{"line":897,"column":9}},"280":{"start":{"line":901,"column":4},"end":{"line":906,"column":5}},"281":{"start":{"line":902,"column":6},"end":{"line":905,"column":9}},"282":{"start":{"line":909,"column":22},"end":{"line":909,"column":100}},"283":{"start":{"line":910,"column":4},"end":{"line":931,"column":5}},"284":{"start":{"line":911,"column":6},"end":{"line":916,"column":7}},"285":{"start":{"line":912,"column":8},"end":{"line":915,"column":11}},"286":{"start":{"line":918,"column":6},"end":{"line":923,"column":7}},"287":{"start":{"line":919,"column":8},"end":{"line":922,"column":11}},"288":{"start":{"line":925,"column":6},"end":{"line":930,"column":7}},"289":{"start":{"line":926,"column":8},"end":{"line":929,"column":11}},"290":{"start":{"line":934,"column":19},"end":{"line":934,"column":44}},"291":{"start":{"line":935,"column":4},"end":{"line":940,"column":5}},"292":{"start":{"line":936,"column":6},"end":{"line":939,"column":9}},"293":{"start":{"line":943,"column":32},"end":{"line":943,"column":60}},"294":{"start":{"line":946,"column":4},"end":{"line":946,"column":47}},"295":{"start":{"line":947,"column":4},"end":{"line":947,"column":30}},"296":{"start":{"line":948,"column":4},"end":{"line":948,"column":24}},"297":{"start":{"line":951,"column":4},"end":{"line":957,"column":6}},"298":{"start":{"line":959,"column":4},"end":{"line":962,"column":7}},"299":{"start":{"line":964,"column":4},"end":{"line":964,"column":85}},"300":{"start":{"line":965,"column":4},"end":{"line":965,"column":16}},"301":{"start":{"line":976,"column":25},"end":{"line":1035,"column":1}},"302":{"start":{"line":977,"column":2},"end":{"line":1034,"column":3}},"303":{"start":{"line":978,"column":19},"end":{"line":978,"column":29}},"304":{"start":{"line":979,"column":65},"end":{"line":979,"column":74}},"305":{"start":{"line":981,"column":4},"end":{"line":986,"column":5}},"306":{"start":{"line":982,"column":6},"end":{"line":985,"column":9}},"307":{"start":{"line":989,"column":19},"end":{"line":989,"column":44}},"308":{"start":{"line":990,"column":4},"end":{"line":995,"column":5}},"309":{"start":{"line":991,"column":6},"end":{"line":994,"column":9}},"310":{"start":{"line":998,"column":17},"end":{"line":998,"column":55}},"311":{"start":{"line":1000,"column":20},"end":{"line":1006,"column":6}},"312":{"start":{"line":1009,"column":18},"end":{"line":1009,"column":34}},"313":{"start":{"line":1010,"column":4},"end":{"line":1010,"column":38}},"314":{"start":{"line":1010,"column":16},"end":{"line":1010,"column":38}},"315":{"start":{"line":1011,"column":4},"end":{"line":1015,"column":5}},"316":{"start":{"line":1012,"column":6},"end":{"line":1012,"column":29}},"317":{"start":{"line":1013,"column":6},"end":{"line":1013,"column":66}},"318":{"start":{"line":1013,"column":21},"end":{"line":1013,"column":66}},"319":{"start":{"line":1014,"column":6},"end":{"line":1014,"column":62}},"320":{"start":{"line":1014,"column":19},"end":{"line":1014,"column":62}},"321":{"start":{"line":1017,"column":18},"end":{"line":1017,"column":59}},"322":{"start":{"line":1019,"column":4},"end":{"line":1030,"column":7}},"323":{"start":{"line":1032,"column":4},"end":{"line":1032,"column":74}},"324":{"start":{"line":1033,"column":4},"end":{"line":1033,"column":16}},"325":{"start":{"line":1044,"column":30},"end":{"line":1078,"column":1}},"326":{"start":{"line":1045,"column":2},"end":{"line":1077,"column":3}},"327":{"start":{"line":1046,"column":57},"end":{"line":1046,"column":66}},"328":{"start":{"line":1048,"column":4},"end":{"line":1053,"column":5}},"329":{"start":{"line":1049,"column":6},"end":{"line":1052,"column":9}},"330":{"start":{"line":1056,"column":21},"end":{"line":1060,"column":5}},"331":{"start":{"line":1062,"column":4},"end":{"line":1073,"column":7}},"332":{"start":{"line":1075,"column":4},"end":{"line":1075,"column":63}},"333":{"start":{"line":1076,"column":4},"end":{"line":1076,"column":16}},"334":{"start":{"line":1080,"column":0},"end":{"line":1098,"column":2}}},"fnMap":{"0":{"name":"(anonymous_0)","decl":{"start":{"line":19,"column":23},"end":{"line":19,"column":24}},"loc":{"start":{"line":19,"column":49},"end":{"line":89,"column":1}},"line":19},"1":{"name":"(anonymous_1)","decl":{"start":{"line":98,"column":22},"end":{"line":98,"column":23}},"loc":{"start":{"line":98,"column":48},"end":{"line":127,"column":1}},"line":98},"2":{"name":"(anonymous_2)","decl":{"start":{"line":136,"column":21},"end":{"line":136,"column":22}},"loc":{"start":{"line":136,"column":47},"end":{"line":184,"column":1}},"line":136},"3":{"name":"(anonymous_3)","decl":{"start":{"line":193,"column":21},"end":{"line":193,"column":22}},"loc":{"start":{"line":193,"column":47},"end":{"line":302,"column":1}},"line":193},"4":{"name":"(anonymous_4)","decl":{"start":{"line":242,"column":44},"end":{"line":242,"column":45}},"loc":{"start":{"line":242,"column":49},"end":{"line":242,"column":65}},"line":242},"5":{"name":"(anonymous_5)","decl":{"start":{"line":311,"column":21},"end":{"line":311,"column":22}},"loc":{"start":{"line":311,"column":47},"end":{"line":363,"column":1}},"line":311},"6":{"name":"(anonymous_6)","decl":{"start":{"line":372,"column":27},"end":{"line":372,"column":28}},"loc":{"start":{"line":372,"column":53},"end":{"line":432,"column":1}},"line":372},"7":{"name":"(anonymous_7)","decl":{"start":{"line":441,"column":27},"end":{"line":441,"column":28}},"loc":{"start":{"line":441,"column":53},"end":{"line":479,"column":1}},"line":441},"8":{"name":"(anonymous_8)","decl":{"start":{"line":453,"column":21},"end":{"line":453,"column":22}},"loc":{"start":{"line":453,"column":31},"end":{"line":458,"column":5}},"line":453},"9":{"name":"(anonymous_9)","decl":{"start":{"line":461,"column":21},"end":{"line":461,"column":22}},"loc":{"start":{"line":461,"column":31},"end":{"line":469,"column":5}},"line":461},"10":{"name":"(anonymous_10)","decl":{"start":{"line":488,"column":26},"end":{"line":488,"column":27}},"loc":{"start":{"line":488,"column":52},"end":{"line":528,"column":1}},"line":488},"11":{"name":"(anonymous_11)","decl":{"start":{"line":537,"column":27},"end":{"line":537,"column":28}},"loc":{"start":{"line":537,"column":53},"end":{"line":568,"column":1}},"line":537},"12":{"name":"(anonymous_12)","decl":{"start":{"line":577,"column":30},"end":{"line":577,"column":31}},"loc":{"start":{"line":577,"column":56},"end":{"line":623,"column":1}},"line":577},"13":{"name":"(anonymous_13)","decl":{"start":{"line":632,"column":39},"end":{"line":632,"column":40}},"loc":{"start":{"line":632,"column":65},"end":{"line":679,"column":1}},"line":632},"14":{"name":"(anonymous_14)","decl":{"start":{"line":688,"column":26},"end":{"line":688,"column":27}},"loc":{"start":{"line":688,"column":52},"end":{"line":744,"column":1}},"line":688},"15":{"name":"(anonymous_15)","decl":{"start":{"line":753,"column":29},"end":{"line":753,"column":30}},"loc":{"start":{"line":753,"column":55},"end":{"line":813,"column":1}},"line":753},"16":{"name":"(anonymous_16)","decl":{"start":{"line":788,"column":38},"end":{"line":788,"column":39}},"loc":{"start":{"line":788,"column":45},"end":{"line":792,"column":5}},"line":788},"17":{"name":"(anonymous_17)","decl":{"start":{"line":822,"column":29},"end":{"line":822,"column":30}},"loc":{"start":{"line":822,"column":55},"end":{"line":878,"column":1}},"line":822},"18":{"name":"(anonymous_18)","decl":{"start":{"line":887,"column":37},"end":{"line":887,"column":38}},"loc":{"start":{"line":887,"column":63},"end":{"line":967,"column":1}},"line":887},"19":{"name":"(anonymous_19)","decl":{"start":{"line":976,"column":25},"end":{"line":976,"column":26}},"loc":{"start":{"line":976,"column":51},"end":{"line":1035,"column":1}},"line":976},"20":{"name":"(anonymous_20)","decl":{"start":{"line":1044,"column":30},"end":{"line":1044,"column":31}},"loc":{"start":{"line":1044,"column":56},"end":{"line":1078,"column":1}},"line":1044}},"branchMap":{"0":{"loc":{"start":{"line":22,"column":6},"end":{"line":22,"column":14}},"type":"default-arg","locations":[{"start":{"line":22,"column":13},"end":{"line":22,"column":14}}],"line":22},"1":{"loc":{"start":{"line":23,"column":6},"end":{"line":23,"column":16}},"type":"default-arg","locations":[{"start":{"line":23,"column":14},"end":{"line":23,"column":16}}],"line":23},"2":{"loc":{"start":{"line":24,"column":6},"end":{"line":24,"column":17}},"type":"default-arg","locations":[{"start":{"line":24,"column":15},"end":{"line":24,"column":17}}],"line":24},"3":{"loc":{"start":{"line":26,"column":6},"end":{"line":26,"column":23}},"type":"default-arg","locations":[{"start":{"line":26,"column":15},"end":{"line":26,"column":23}}],"line":26},"4":{"loc":{"start":{"line":29,"column":6},"end":{"line":29,"column":21}},"type":"default-arg","locations":[{"start":{"line":29,"column":15},"end":{"line":29,"column":21}}],"line":29},"5":{"loc":{"start":{"line":30,"column":6},"end":{"line":30,"column":23}},"type":"default-arg","locations":[{"start":{"line":30,"column":18},"end":{"line":30,"column":23}}],"line":30},"6":{"loc":{"start":{"line":34,"column":26},"end":{"line":34,"column":55}},"type":"cond-expr","locations":[{"start":{"line":34,"column":49},"end":{"line":34,"column":51}},{"start":{"line":34,"column":54},"end":{"line":34,"column":55}}],"line":34},"7":{"loc":{"start":{"line":40,"column":4},"end":{"line":45,"column":5}},"type":"if","locations":[{"start":{"line":40,"column":4},"end":{"line":45,"column":5}},{"start":{},"end":{}}],"line":40},"8":{"loc":{"start":{"line":47,"column":4},"end":{"line":49,"column":5}},"type":"if","locations":[{"start":{"line":47,"column":4},"end":{"line":49,"column":5}},{"start":{},"end":{}}],"line":47},"9":{"loc":{"start":{"line":51,"column":4},"end":{"line":53,"column":5}},"type":"if","locations":[{"start":{"line":51,"column":4},"end":{"line":53,"column":5}},{"start":{},"end":{}}],"line":51},"10":{"loc":{"start":{"line":55,"column":4},"end":{"line":57,"column":5}},"type":"if","locations":[{"start":{"line":55,"column":4},"end":{"line":57,"column":5}},{"start":{},"end":{}}],"line":55},"11":{"loc":{"start":{"line":59,"column":4},"end":{"line":61,"column":5}},"type":"if","locations":[{"start":{"line":59,"column":4},"end":{"line":61,"column":5}},{"start":{},"end":{}}],"line":59},"12":{"loc":{"start":{"line":102,"column":4},"end":{"line":107,"column":5}},"type":"if","locations":[{"start":{"line":102,"column":4},"end":{"line":107,"column":5}},{"start":{},"end":{}}],"line":102},"13":{"loc":{"start":{"line":112,"column":4},"end":{"line":117,"column":5}},"type":"if","locations":[{"start":{"line":112,"column":4},"end":{"line":117,"column":5}},{"start":{},"end":{}}],"line":112},"14":{"loc":{"start":{"line":142,"column":4},"end":{"line":157,"column":5}},"type":"if","locations":[{"start":{"line":142,"column":4},"end":{"line":157,"column":5}},{"start":{},"end":{}}],"line":142},"15":{"loc":{"start":{"line":143,"column":6},"end":{"line":148,"column":7}},"type":"if","locations":[{"start":{"line":143,"column":6},"end":{"line":148,"column":7}},{"start":{},"end":{}}],"line":143},"16":{"loc":{"start":{"line":151,"column":6},"end":{"line":156,"column":7}},"type":"if","locations":[{"start":{"line":151,"column":6},"end":{"line":156,"column":7}},{"start":{},"end":{}}],"line":151},"17":{"loc":{"start":{"line":165,"column":14},"end":{"line":165,"column":43}},"type":"binary-expr","locations":[{"start":{"line":165,"column":14},"end":{"line":165,"column":31}},{"start":{"line":165,"column":35},"end":{"line":165,"column":43}}],"line":165},"18":{"loc":{"start":{"line":199,"column":4},"end":{"line":204,"column":5}},"type":"if","locations":[{"start":{"line":199,"column":4},"end":{"line":204,"column":5}},{"start":{},"end":{}}],"line":199},"19":{"loc":{"start":{"line":208,"column":4},"end":{"line":213,"column":5}},"type":"if","locations":[{"start":{"line":208,"column":4},"end":{"line":213,"column":5}},{"start":{},"end":{}}],"line":208},"20":{"loc":{"start":{"line":216,"column":4},"end":{"line":250,"column":5}},"type":"if","locations":[{"start":{"line":216,"column":4},"end":{"line":250,"column":5}},{"start":{},"end":{}}],"line":216},"21":{"loc":{"start":{"line":216,"column":8},"end":{"line":216,"column":82}},"type":"binary-expr","locations":[{"start":{"line":216,"column":8},"end":{"line":216,"column":27}},{"start":{"line":216,"column":31},"end":{"line":216,"column":82}}],"line":216},"22":{"loc":{"start":{"line":217,"column":6},"end":{"line":222,"column":7}},"type":"if","locations":[{"start":{"line":217,"column":6},"end":{"line":222,"column":7}},{"start":{},"end":{}}],"line":217},"23":{"loc":{"start":{"line":225,"column":6},"end":{"line":230,"column":7}},"type":"if","locations":[{"start":{"line":225,"column":6},"end":{"line":230,"column":7}},{"start":{},"end":{}}],"line":225},"24":{"loc":{"start":{"line":233,"column":6},"end":{"line":238,"column":7}},"type":"if","locations":[{"start":{"line":233,"column":6},"end":{"line":238,"column":7}},{"start":{},"end":{}}],"line":233},"25":{"loc":{"start":{"line":244,"column":6},"end":{"line":249,"column":7}},"type":"if","locations":[{"start":{"line":244,"column":6},"end":{"line":249,"column":7}},{"start":{},"end":{}}],"line":244},"26":{"loc":{"start":{"line":256,"column":4},"end":{"line":275,"column":5}},"type":"if","locations":[{"start":{"line":256,"column":4},"end":{"line":275,"column":5}},{"start":{},"end":{}}],"line":256},"27":{"loc":{"start":{"line":256,"column":8},"end":{"line":256,"column":64}},"type":"binary-expr","locations":[{"start":{"line":256,"column":8},"end":{"line":256,"column":25}},{"start":{"line":256,"column":29},"end":{"line":256,"column":64}}],"line":256},"28":{"loc":{"start":{"line":259,"column":8},"end":{"line":259,"column":51}},"type":"binary-expr","locations":[{"start":{"line":259,"column":8},"end":{"line":259,"column":31}},{"start":{"line":259,"column":35},"end":{"line":259,"column":51}}],"line":259},"29":{"loc":{"start":{"line":269,"column":8},"end":{"line":269,"column":51}},"type":"binary-expr","locations":[{"start":{"line":269,"column":8},"end":{"line":269,"column":31}},{"start":{"line":269,"column":35},"end":{"line":269,"column":51}}],"line":269},"30":{"loc":{"start":{"line":279,"column":6},"end":{"line":287,"column":7}},"type":"if","locations":[{"start":{"line":279,"column":6},"end":{"line":287,"column":7}},{"start":{},"end":{}}],"line":279},"31":{"loc":{"start":{"line":279,"column":10},"end":{"line":279,"column":86}},"type":"binary-expr","locations":[{"start":{"line":279,"column":10},"end":{"line":279,"column":29}},{"start":{"line":279,"column":33},"end":{"line":279,"column":86}}],"line":279},"32":{"loc":{"start":{"line":316,"column":4},"end":{"line":321,"column":5}},"type":"if","locations":[{"start":{"line":316,"column":4},"end":{"line":321,"column":5}},{"start":{},"end":{}}],"line":316},"33":{"loc":{"start":{"line":325,"column":4},"end":{"line":330,"column":5}},"type":"if","locations":[{"start":{"line":325,"column":4},"end":{"line":330,"column":5}},{"start":{},"end":{}}],"line":325},"34":{"loc":{"start":{"line":334,"column":4},"end":{"line":339,"column":5}},"type":"if","locations":[{"start":{"line":334,"column":4},"end":{"line":339,"column":5}},{"start":{},"end":{}}],"line":334},"35":{"loc":{"start":{"line":352,"column":6},"end":{"line":352,"column":41}},"type":"binary-expr","locations":[{"start":{"line":352,"column":6},"end":{"line":352,"column":21}},{"start":{"line":352,"column":25},"end":{"line":352,"column":41}}],"line":352},"36":{"loc":{"start":{"line":378,"column":4},"end":{"line":383,"column":5}},"type":"if","locations":[{"start":{"line":378,"column":4},"end":{"line":383,"column":5}},{"start":{},"end":{}}],"line":378},"37":{"loc":{"start":{"line":385,"column":4},"end":{"line":390,"column":5}},"type":"if","locations":[{"start":{"line":385,"column":4},"end":{"line":390,"column":5}},{"start":{},"end":{}}],"line":385},"38":{"loc":{"start":{"line":394,"column":4},"end":{"line":399,"column":5}},"type":"if","locations":[{"start":{"line":394,"column":4},"end":{"line":399,"column":5}},{"start":{},"end":{}}],"line":394},"39":{"loc":{"start":{"line":402,"column":4},"end":{"line":407,"column":5}},"type":"if","locations":[{"start":{"line":402,"column":4},"end":{"line":407,"column":5}},{"start":{},"end":{}}],"line":402},"40":{"loc":{"start":{"line":421,"column":6},"end":{"line":421,"column":63}},"type":"binary-expr","locations":[{"start":{"line":421,"column":6},"end":{"line":421,"column":12}},{"start":{"line":421,"column":16},"end":{"line":421,"column":63}}],"line":421},"41":{"loc":{"start":{"line":462,"column":6},"end":{"line":468,"column":7}},"type":"if","locations":[{"start":{"line":462,"column":6},"end":{"line":468,"column":7}},{"start":{"line":465,"column":13},"end":{"line":468,"column":7}}],"line":462},"42":{"loc":{"start":{"line":462,"column":10},"end":{"line":462,"column":55}},"type":"binary-expr","locations":[{"start":{"line":462,"column":10},"end":{"line":462,"column":25}},{"start":{"line":462,"column":29},"end":{"line":462,"column":55}}],"line":462},"43":{"loc":{"start":{"line":492,"column":4},"end":{"line":497,"column":5}},"type":"if","locations":[{"start":{"line":492,"column":4},"end":{"line":497,"column":5}},{"start":{},"end":{}}],"line":492},"44":{"loc":{"start":{"line":501,"column":4},"end":{"line":506,"column":5}},"type":"if","locations":[{"start":{"line":501,"column":4},"end":{"line":506,"column":5}},{"start":{},"end":{}}],"line":501},"45":{"loc":{"start":{"line":513,"column":4},"end":{"line":515,"column":5}},"type":"if","locations":[{"start":{"line":513,"column":4},"end":{"line":515,"column":5}},{"start":{},"end":{}}],"line":513},"46":{"loc":{"start":{"line":521,"column":21},"end":{"line":521,"column":86}},"type":"cond-expr","locations":[{"start":{"line":521,"column":63},"end":{"line":521,"column":74}},{"start":{"line":521,"column":77},"end":{"line":521,"column":86}}],"line":521},"47":{"loc":{"start":{"line":541,"column":4},"end":{"line":546,"column":5}},"type":"if","locations":[{"start":{"line":541,"column":4},"end":{"line":546,"column":5}},{"start":{},"end":{}}],"line":541},"48":{"loc":{"start":{"line":550,"column":4},"end":{"line":555,"column":5}},"type":"if","locations":[{"start":{"line":550,"column":4},"end":{"line":555,"column":5}},{"start":{},"end":{}}],"line":550},"49":{"loc":{"start":{"line":583,"column":4},"end":{"line":588,"column":5}},"type":"if","locations":[{"start":{"line":583,"column":4},"end":{"line":588,"column":5}},{"start":{},"end":{}}],"line":583},"50":{"loc":{"start":{"line":592,"column":4},"end":{"line":597,"column":5}},"type":"if","locations":[{"start":{"line":592,"column":4},"end":{"line":597,"column":5}},{"start":{},"end":{}}],"line":592},"51":{"loc":{"start":{"line":638,"column":4},"end":{"line":643,"column":5}},"type":"if","locations":[{"start":{"line":638,"column":4},"end":{"line":643,"column":5}},{"start":{},"end":{}}],"line":638},"52":{"loc":{"start":{"line":647,"column":4},"end":{"line":652,"column":5}},"type":"if","locations":[{"start":{"line":647,"column":4},"end":{"line":652,"column":5}},{"start":{},"end":{}}],"line":647},"53":{"loc":{"start":{"line":694,"column":4},"end":{"line":699,"column":5}},"type":"if","locations":[{"start":{"line":694,"column":4},"end":{"line":699,"column":5}},{"start":{},"end":{}}],"line":694},"54":{"loc":{"start":{"line":702,"column":4},"end":{"line":707,"column":5}},"type":"if","locations":[{"start":{"line":702,"column":4},"end":{"line":707,"column":5}},{"start":{},"end":{}}],"line":702},"55":{"loc":{"start":{"line":702,"column":8},"end":{"line":702,"column":73}},"type":"binary-expr","locations":[{"start":{"line":702,"column":8},"end":{"line":702,"column":26}},{"start":{"line":702,"column":30},"end":{"line":702,"column":48}},{"start":{"line":702,"column":52},"end":{"line":702,"column":73}}],"line":702},"56":{"loc":{"start":{"line":711,"column":4},"end":{"line":716,"column":5}},"type":"if","locations":[{"start":{"line":711,"column":4},"end":{"line":716,"column":5}},{"start":{},"end":{}}],"line":711},"57":{"loc":{"start":{"line":759,"column":4},"end":{"line":764,"column":5}},"type":"if","locations":[{"start":{"line":759,"column":4},"end":{"line":764,"column":5}},{"start":{},"end":{}}],"line":759},"58":{"loc":{"start":{"line":759,"column":8},"end":{"line":759,"column":60}},"type":"binary-expr","locations":[{"start":{"line":759,"column":8},"end":{"line":759,"column":28}},{"start":{"line":759,"column":32},"end":{"line":759,"column":60}}],"line":759},"59":{"loc":{"start":{"line":768,"column":4},"end":{"line":773,"column":5}},"type":"if","locations":[{"start":{"line":768,"column":4},"end":{"line":773,"column":5}},{"start":{},"end":{}}],"line":768},"60":{"loc":{"start":{"line":777,"column":4},"end":{"line":782,"column":5}},"type":"if","locations":[{"start":{"line":777,"column":4},"end":{"line":782,"column":5}},{"start":{},"end":{}}],"line":777},"61":{"loc":{"start":{"line":789,"column":6},"end":{"line":791,"column":7}},"type":"if","locations":[{"start":{"line":789,"column":6},"end":{"line":791,"column":7}},{"start":{},"end":{}}],"line":789},"62":{"loc":{"start":{"line":827,"column":4},"end":{"line":832,"column":5}},"type":"if","locations":[{"start":{"line":827,"column":4},"end":{"line":832,"column":5}},{"start":{},"end":{}}],"line":827},"63":{"loc":{"start":{"line":827,"column":8},"end":{"line":827,"column":60}},"type":"binary-expr","locations":[{"start":{"line":827,"column":8},"end":{"line":827,"column":28}},{"start":{"line":827,"column":32},"end":{"line":827,"column":60}}],"line":827},"64":{"loc":{"start":{"line":836,"column":4},"end":{"line":841,"column":5}},"type":"if","locations":[{"start":{"line":836,"column":4},"end":{"line":841,"column":5}},{"start":{},"end":{}}],"line":836},"65":{"loc":{"start":{"line":845,"column":4},"end":{"line":850,"column":5}},"type":"if","locations":[{"start":{"line":845,"column":4},"end":{"line":850,"column":5}},{"start":{},"end":{}}],"line":845},"66":{"loc":{"start":{"line":893,"column":4},"end":{"line":898,"column":5}},"type":"if","locations":[{"start":{"line":893,"column":4},"end":{"line":898,"column":5}},{"start":{},"end":{}}],"line":893},"67":{"loc":{"start":{"line":901,"column":4},"end":{"line":906,"column":5}},"type":"if","locations":[{"start":{"line":901,"column":4},"end":{"line":906,"column":5}},{"start":{},"end":{}}],"line":901},"68":{"loc":{"start":{"line":911,"column":6},"end":{"line":916,"column":7}},"type":"if","locations":[{"start":{"line":911,"column":6},"end":{"line":916,"column":7}},{"start":{},"end":{}}],"line":911},"69":{"loc":{"start":{"line":911,"column":10},"end":{"line":911,"column":54}},"type":"binary-expr","locations":[{"start":{"line":911,"column":10},"end":{"line":911,"column":20}},{"start":{"line":911,"column":24},"end":{"line":911,"column":54}}],"line":911},"70":{"loc":{"start":{"line":918,"column":6},"end":{"line":923,"column":7}},"type":"if","locations":[{"start":{"line":918,"column":6},"end":{"line":923,"column":7}},{"start":{},"end":{}}],"line":918},"71":{"loc":{"start":{"line":925,"column":6},"end":{"line":930,"column":7}},"type":"if","locations":[{"start":{"line":925,"column":6},"end":{"line":930,"column":7}},{"start":{},"end":{}}],"line":925},"72":{"loc":{"start":{"line":925,"column":10},"end":{"line":925,"column":63}},"type":"binary-expr","locations":[{"start":{"line":925,"column":10},"end":{"line":925,"column":22}},{"start":{"line":925,"column":27},"end":{"line":925,"column":42}},{"start":{"line":925,"column":46},"end":{"line":925,"column":62}}],"line":925},"73":{"loc":{"start":{"line":935,"column":4},"end":{"line":940,"column":5}},"type":"if","locations":[{"start":{"line":935,"column":4},"end":{"line":940,"column":5}},{"start":{},"end":{}}],"line":935},"74":{"loc":{"start":{"line":979,"column":40},"end":{"line":979,"column":48}},"type":"default-arg","locations":[{"start":{"line":979,"column":47},"end":{"line":979,"column":48}}],"line":979},"75":{"loc":{"start":{"line":979,"column":50},"end":{"line":979,"column":60}},"type":"default-arg","locations":[{"start":{"line":979,"column":58},"end":{"line":979,"column":60}}],"line":979},"76":{"loc":{"start":{"line":981,"column":4},"end":{"line":986,"column":5}},"type":"if","locations":[{"start":{"line":981,"column":4},"end":{"line":986,"column":5}},{"start":{},"end":{}}],"line":981},"77":{"loc":{"start":{"line":990,"column":4},"end":{"line":995,"column":5}},"type":"if","locations":[{"start":{"line":990,"column":4},"end":{"line":995,"column":5}},{"start":{},"end":{}}],"line":990},"78":{"loc":{"start":{"line":1010,"column":4},"end":{"line":1010,"column":38}},"type":"if","locations":[{"start":{"line":1010,"column":4},"end":{"line":1010,"column":38}},{"start":{},"end":{}}],"line":1010},"79":{"loc":{"start":{"line":1011,"column":4},"end":{"line":1015,"column":5}},"type":"if","locations":[{"start":{"line":1011,"column":4},"end":{"line":1015,"column":5}},{"start":{},"end":{}}],"line":1011},"80":{"loc":{"start":{"line":1011,"column":8},"end":{"line":1011,"column":28}},"type":"binary-expr","locations":[{"start":{"line":1011,"column":8},"end":{"line":1011,"column":17}},{"start":{"line":1011,"column":21},"end":{"line":1011,"column":28}}],"line":1011},"81":{"loc":{"start":{"line":1013,"column":6},"end":{"line":1013,"column":66}},"type":"if","locations":[{"start":{"line":1013,"column":6},"end":{"line":1013,"column":66}},{"start":{},"end":{}}],"line":1013},"82":{"loc":{"start":{"line":1014,"column":6},"end":{"line":1014,"column":62}},"type":"if","locations":[{"start":{"line":1014,"column":6},"end":{"line":1014,"column":62}},{"start":{},"end":{}}],"line":1014},"83":{"loc":{"start":{"line":1046,"column":33},"end":{"line":1046,"column":52}},"type":"default-arg","locations":[{"start":{"line":1046,"column":47},"end":{"line":1046,"column":52}}],"line":1046},"84":{"loc":{"start":{"line":1048,"column":4},"end":{"line":1053,"column":5}},"type":"if","locations":[{"start":{"line":1048,"column":4},"end":{"line":1053,"column":5}},{"start":{},"end":{}}],"line":1048},"85":{"loc":{"start":{"line":1048,"column":8},"end":{"line":1048,"column":31}},"type":"binary-expr","locations":[{"start":{"line":1048,"column":8},"end":{"line":1048,"column":18}},{"start":{"line":1048,"column":22},"end":{"line":1048,"column":31}}],"line":1048}},"s":{"0":0,"1":0,"2":0,"3":0,"4":0,"5":0,"6":0,"7":0,"8":0,"9":0,"10":0,"11":0,"12":0,"13":0,"14":0,"15":0,"16":0,"17":0,"18":0,"19":0,"20":0,"21":0,"22":0,"23":0,"24":0,"25":0,"26":0,"27":0,"28":0,"29":0,"30":0,"31":0,"32":0,"33":0,"34":0,"35":0,"36":0,"37":0,"38":0,"39":0,"40":0,"41":0,"42":0,"43":0,"44":0,"45":0,"46":0,"47":0,"48":0,"49":0,"50":0,"51":0,"52":0,"53":0,"54":0,"55":0,"56":0,"57":0,"58":0,"59":0,"60":0,"61":0,"62":0,"63":0,"64":0,"65":0,"66":0,"67":0,"68":0,"69":0,"70":0,"71":0,"72":0,"73":0,"74":0,"75":0,"76":0,"77":0,"78":0,"79":0,"80":0,"81":0,"82":0,"83":0,"84":0,"85":0,"86":0,"87":0,"88":0,"89":0,"90":0,"91":0,"92":0,"93":0,"94":0,"95":0,"96":0,"97":0,"98":0,"99":0,"100":0,"101":0,"102":0,"103":0,"104":0,"105":0,"106":0,"107":0,"108":0,"109":0,"110":0,"111":0,"112":0,"113":0,"114":0,"115":0,"116":0,"117":0,"118":0,"119":0,"120":0,"121":0,"122":0,"123":0,"124":0,"125":0,"126":0,"127":0,"128":0,"129":0,"130":0,"131":0,"132":0,"133":0,"134":0,"135":0,"136":0,"137":0,"138":0,"139":0,"140":0,"141":0,"142":0,"143":0,"144":0,"145":0,"146":0,"147":0,"148":0,"149":0,"150":0,"151":0,"152":0,"153":0,"154":0,"155":0,"156":0,"157":0,"158":0,"159":0,"160":0,"161":0,"162":0,"163":0,"164":0,"165":0,"166":0,"167":0,"168":0,"169":0,"170":0,"171":0,"172":0,"173":0,"174":0,"175":0,"176":0,"177":0,"178":0,"179":0,"180":0,"181":0,"182":0,"183":0,"184":0,"185":0,"186":0,"187":0,"188":0,"189":0,"190":0,"191":0,"192":0,"193":0,"194":0,"195":0,"196":0,"197":0,"198":0,"199":0,"200":0,"201":0,"202":0,"203":0,"204":0,"205":0,"206":0,"207":0,"208":0,"209":0,"210":0,"211":0,"212":0,"213":0,"214":0,"215":0,"216":0,"217":0,"218":0,"219":0,"220":0,"221":0,"222":0,"223":0,"224":0,"225":0,"226":0,"227":0,"228":0,"229":0,"230":0,"231":0,"232":0,"233":0,"234":0,"235":0,"236":0,"237":0,"238":0,"239":0,"240":0,"241":0,"242":0,"243":0,"244":0,"245":0,"246":0,"247":0,"248":0,"249":0,"250":0,"251":0,"252":0,"253":0,"254":0,"255":0,"256":0,"257":0,"258":0,"259":0,"260":0,"261":0,"262":0,"263":0,"264":0,"265":0,"266":0,"267":0,"268":0,"269":0,"270":0,"271":0,"272":0,"273":0,"274":0,"275":0,"276":0,"277":0,"278":0,"279":0,"280":0,"281":0,"282":0,"283":0,"284":0,"285":0,"286":0,"287":0,"288":0,"289":0,"290":0,"291":0,"292":0,"293":0,"294":0,"295":0,"296":0,"297":0,"298":0,"299":0,"300":0,"301":0,"302":0,"303":0,"304":0,"305":0,"306":0,"307":0,"308":0,"309":0,"310":0,"311":0,"312":0,"313":0,"314":0,"315":0,"316":0,"317":0,"318":0,"319":0,"320":0,"321":0,"322":0,"323":0,"324":0,"325":0,"326":0,"327":0,"328":0,"329":0,"330":0,"331":0,"332":0,"333":0,"334":0},"f":{"0":0,"1":0,"2":0,"3":0,"4":0,"5":0,"6":0,"7":0,"8":0,"9":0,"10":0,"11":0,"12":0,"13":0,"14":0,"15":0,"16":0,"17":0,"18":0,"19":0,"20":0},"b":{"0":[0],"1":[0],"2":[0],"3":[0],"4":[0],"5":[0],"6":[0,0],"7":[0,0],"8":[0,0],"9":[0,0],"10":[0,0],"11":[0,0],"12":[0,0],"13":[0,0],"14":[0,0],"15":[0,0],"16":[0,0],"17":[0,0],"18":[0,0],"19":[0,0],"20":[0,0],"21":[0,0],"22":[0,0],"23":[0,0],"24":[0,0],"25":[0,0],"26":[0,0],"27":[0,0],"28":[0,0],"29":[0,0],"30":[0,0],"31":[0,0],"32":[0,0],"33":[0,0],"34":[0,0],"35":[0,0],"36":[0,0],"37":[0,0],"38":[0,0],"39":[0,0],"40":[0,0],"41":[0,0],"42":[0,0],"43":[0,0],"44":[0,0],"45":[0,0],"46":[0,0],"47":[0,0],"48":[0,0],"49":[0,0],"50":[0,0],"51":[0,0],"52":[0,0],"53":[0,0],"54":[0,0],"55":[0,0,0],"56":[0,0],"57":[0,0],"58":[0,0],"59":[0,0],"60":[0,0],"61":[0,0],"62":[0,0],"63":[0,0],"64":[0,0],"65":[0,0],"66":[0,0],"67":[0,0],"68":[0,0],"69":[0,0],"70":[0,0],"71":[0,0],"72":[0,0,0],"73":[0,0],"74":[0],"75":[0],"76":[0,0],"77":[0,0],"78":[0,0],"79":[0,0],"80":[0,0],"81":[0,0],"82":[0,0],"83":[0],"84":[0,0],"85":[0,0]}}
,"D:\\PROJECT\\sarana-app\\apps\\branch-service\\src\\controllers\\serviceAreaController.js": {"path":"D:\\PROJECT\\sarana-app\\apps\\branch-service\\src\\controllers\\serviceAreaController.js","statementMap":{"0":{"start":{"line":6,"column":20},"end":{"line":6,"column":52}},"1":{"start":{"line":7,"column":27},"end":{"line":7,"column":66}},"2":{"start":{"line":8,"column":15},"end":{"line":8,"column":42}},"3":{"start":{"line":9,"column":19},"end":{"line":9,"column":45}},"4":{"start":{"line":10,"column":24},"end":{"line":10,"column":49}},"5":{"start":{"line":11,"column":17},"end":{"line":11,"column":36}},"6":{"start":{"line":12,"column":11},"end":{"line":12,"column":24}},"7":{"start":{"line":13,"column":13},"end":{"line":13,"column":28}},"8":{"start":{"line":14,"column":18},"end":{"line":14,"column":43}},"9":{"start":{"line":15,"column":22},"end":{"line":15,"column":51}},"10":{"start":{"line":16,"column":18},"end":{"line":16,"column":46}},"11":{"start":{"line":17,"column":22},"end":{"line":17,"column":39}},"12":{"start":{"line":18,"column":17},"end":{"line":18,"column":36}},"13":{"start":{"line":19,"column":15},"end":{"line":19,"column":32}},"14":{"start":{"line":20,"column":22},"end":{"line":20,"column":37}},"15":{"start":{"line":28,"column":27},"end":{"line":155,"column":1}},"16":{"start":{"line":29,"column":2},"end":{"line":154,"column":3}},"17":{"start":{"line":40,"column":8},"end":{"line":40,"column":17}},"18":{"start":{"line":43,"column":18},"end":{"line":43,"column":20}},"19":{"start":{"line":46,"column":4},"end":{"line":48,"column":5}},"20":{"start":{"line":47,"column":6},"end":{"line":47,"column":28}},"21":{"start":{"line":51,"column":4},"end":{"line":53,"column":5}},"22":{"start":{"line":52,"column":6},"end":{"line":52,"column":24}},"23":{"start":{"line":56,"column":4},"end":{"line":58,"column":5}},"24":{"start":{"line":57,"column":6},"end":{"line":57,"column":69}},"25":{"start":{"line":61,"column":4},"end":{"line":67,"column":5}},"26":{"start":{"line":62,"column":6},"end":{"line":66,"column":8}},"27":{"start":{"line":70,"column":26},"end":{"line":70,"column":28}},"28":{"start":{"line":71,"column":4},"end":{"line":86,"column":5}},"29":{"start":{"line":72,"column":26},"end":{"line":72,"column":48}},"30":{"start":{"line":73,"column":6},"end":{"line":85,"column":8}},"31":{"start":{"line":89,"column":23},"end":{"line":89,"column":25}},"32":{"start":{"line":90,"column":4},"end":{"line":90,"column":55}},"33":{"start":{"line":93,"column":17},"end":{"line":93,"column":55}},"34":{"start":{"line":99,"column":4},"end":{"line":129,"column":5}},"35":{"start":{"line":101,"column":23},"end":{"line":107,"column":7}},"36":{"start":{"line":109,"column":6},"end":{"line":109,"column":59}},"37":{"start":{"line":112,"column":28},"end":{"line":116,"column":7}},"38":{"start":{"line":118,"column":26},"end":{"line":118,"column":68}},"39":{"start":{"line":119,"column":6},"end":{"line":119,"column":64}},"40":{"start":{"line":122,"column":6},"end":{"line":126,"column":16}},"41":{"start":{"line":128,"column":6},"end":{"line":128,"column":54}},"42":{"start":{"line":132,"column":23},"end":{"line":132,"column":57}},"43":{"start":{"line":133,"column":24},"end":{"line":133,"column":41}},"44":{"start":{"line":134,"column":24},"end":{"line":134,"column":32}},"45":{"start":{"line":137,"column":4},"end":{"line":150,"column":7}},"46":{"start":{"line":152,"column":4},"end":{"line":152,"column":56}},"47":{"start":{"line":153,"column":4},"end":{"line":153,"column":16}},"48":{"start":{"line":163,"column":27},"end":{"line":203,"column":1}},"49":{"start":{"line":164,"column":2},"end":{"line":202,"column":3}},"50":{"start":{"line":165,"column":19},"end":{"line":165,"column":29}},"51":{"start":{"line":168,"column":21},"end":{"line":168,"column":41}},"52":{"start":{"line":169,"column":23},"end":{"line":169,"column":54}},"53":{"start":{"line":171,"column":4},"end":{"line":177,"column":5}},"54":{"start":{"line":172,"column":6},"end":{"line":176,"column":9}},"55":{"start":{"line":180,"column":24},"end":{"line":182,"column":13}},"56":{"start":{"line":184,"column":4},"end":{"line":189,"column":5}},"57":{"start":{"line":185,"column":6},"end":{"line":188,"column":9}},"58":{"start":{"line":192,"column":4},"end":{"line":192,"column":77}},"59":{"start":{"line":194,"column":4},"end":{"line":198,"column":7}},"60":{"start":{"line":200,"column":4},"end":{"line":200,"column":61}},"61":{"start":{"line":201,"column":4},"end":{"line":201,"column":16}},"62":{"start":{"line":211,"column":26},"end":{"line":298,"column":1}},"63":{"start":{"line":212,"column":18},"end":{"line":212,"column":47}},"64":{"start":{"line":213,"column":2},"end":{"line":213,"column":29}},"65":{"start":{"line":215,"column":2},"end":{"line":297,"column":3}},"66":{"start":{"line":216,"column":28},"end":{"line":216,"column":36}},"67":{"start":{"line":219,"column":25},"end":{"line":219,"column":82}},"68":{"start":{"line":220,"column":4},"end":{"line":225,"column":5}},"69":{"start":{"line":221,"column":6},"end":{"line":224,"column":9}},"70":{"start":{"line":228,"column":4},"end":{"line":238,"column":5}},"71":{"start":{"line":229,"column":24},"end":{"line":229,"column":79}},"72":{"start":{"line":229,"column":63},"end":{"line":229,"column":78}},"73":{"start":{"line":230,"column":23},"end":{"line":230,"column":69}},"74":{"start":{"line":232,"column":6},"end":{"line":237,"column":7}},"75":{"start":{"line":233,"column":8},"end":{"line":236,"column":11}},"76":{"start":{"line":241,"column":4},"end":{"line":255,"column":5}},"77":{"start":{"line":242,"column":31},"end":{"line":245,"column":8}},"78":{"start":{"line":249,"column":6},"end":{"line":254,"column":7}},"79":{"start":{"line":253,"column":8},"end":{"line":253,"column":88}},"80":{"start":{"line":258,"column":4},"end":{"line":261,"column":5}},"81":{"start":{"line":259,"column":6},"end":{"line":259,"column":47}},"82":{"start":{"line":260,"column":6},"end":{"line":260,"column":47}},"83":{"start":{"line":264,"column":24},"end":{"line":264,"column":56}},"84":{"start":{"line":265,"column":4},"end":{"line":265,"column":40}},"85":{"start":{"line":268,"column":20},"end":{"line":275,"column":6}},"86":{"start":{"line":277,"column":4},"end":{"line":277,"column":36}},"87":{"start":{"line":280,"column":4},"end":{"line":280,"column":38}},"88":{"start":{"line":281,"column":4},"end":{"line":281,"column":25}},"89":{"start":{"line":284,"column":4},"end":{"line":284,"column":48}},"90":{"start":{"line":286,"column":4},"end":{"line":289,"column":7}},"91":{"start":{"line":292,"column":4},"end":{"line":292,"column":37}},"92":{"start":{"line":293,"column":4},"end":{"line":293,"column":25}},"93":{"start":{"line":295,"column":4},"end":{"line":295,"column":56}},"94":{"start":{"line":296,"column":4},"end":{"line":296,"column":16}},"95":{"start":{"line":306,"column":26},"end":{"line":402,"column":1}},"96":{"start":{"line":307,"column":18},"end":{"line":307,"column":47}},"97":{"start":{"line":308,"column":2},"end":{"line":308,"column":29}},"98":{"start":{"line":310,"column":2},"end":{"line":401,"column":3}},"99":{"start":{"line":311,"column":19},"end":{"line":311,"column":29}},"100":{"start":{"line":312,"column":23},"end":{"line":312,"column":31}},"101":{"start":{"line":315,"column":24},"end":{"line":315,"column":54}},"102":{"start":{"line":317,"column":4},"end":{"line":322,"column":5}},"103":{"start":{"line":318,"column":6},"end":{"line":321,"column":9}},"104":{"start":{"line":325,"column":21},"end":{"line":325,"column":43}},"105":{"start":{"line":328,"column":4},"end":{"line":336,"column":5}},"106":{"start":{"line":329,"column":27},"end":{"line":329,"column":79}},"107":{"start":{"line":330,"column":6},"end":{"line":335,"column":7}},"108":{"start":{"line":331,"column":8},"end":{"line":334,"column":11}},"109":{"start":{"line":339,"column":4},"end":{"line":352,"column":5}},"110":{"start":{"line":340,"column":31},"end":{"line":344,"column":8}},"111":{"start":{"line":348,"column":6},"end":{"line":351,"column":7}},"112":{"start":{"line":350,"column":8},"end":{"line":350,"column":88}},"113":{"start":{"line":355,"column":4},"end":{"line":357,"column":5}},"114":{"start":{"line":356,"column":6},"end":{"line":356,"column":42}},"115":{"start":{"line":360,"column":31},"end":{"line":364,"column":5}},"116":{"start":{"line":367,"column":26},"end":{"line":367,"column":49}},"117":{"start":{"line":370,"column":20},"end":{"line":378,"column":6}},"118":{"start":{"line":380,"column":4},"end":{"line":380,"column":36}},"119":{"start":{"line":383,"column":4},"end":{"line":383,"column":38}},"120":{"start":{"line":384,"column":4},"end":{"line":384,"column":25}},"121":{"start":{"line":387,"column":4},"end":{"line":387,"column":48}},"122":{"start":{"line":388,"column":4},"end":{"line":388,"column":48}},"123":{"start":{"line":390,"column":4},"end":{"line":393,"column":7}},"124":{"start":{"line":396,"column":4},"end":{"line":396,"column":37}},"125":{"start":{"line":397,"column":4},"end":{"line":397,"column":25}},"126":{"start":{"line":399,"column":4},"end":{"line":399,"column":56}},"127":{"start":{"line":400,"column":4},"end":{"line":400,"column":16}},"128":{"start":{"line":410,"column":26},"end":{"line":464,"column":1}},"129":{"start":{"line":411,"column":18},"end":{"line":411,"column":47}},"130":{"start":{"line":412,"column":2},"end":{"line":412,"column":29}},"131":{"start":{"line":414,"column":2},"end":{"line":463,"column":3}},"132":{"start":{"line":415,"column":19},"end":{"line":415,"column":29}},"133":{"start":{"line":418,"column":24},"end":{"line":418,"column":54}},"134":{"start":{"line":420,"column":4},"end":{"line":425,"column":5}},"135":{"start":{"line":421,"column":6},"end":{"line":424,"column":9}},"136":{"start":{"line":428,"column":21},"end":{"line":428,"column":43}},"137":{"start":{"line":431,"column":4},"end":{"line":431,"column":57}},"138":{"start":{"line":434,"column":20},"end":{"line":440,"column":6}},"139":{"start":{"line":442,"column":4},"end":{"line":442,"column":36}},"140":{"start":{"line":445,"column":4},"end":{"line":445,"column":38}},"141":{"start":{"line":446,"column":4},"end":{"line":446,"column":25}},"142":{"start":{"line":449,"column":4},"end":{"line":449,"column":48}},"143":{"start":{"line":450,"column":4},"end":{"line":450,"column":48}},"144":{"start":{"line":452,"column":4},"end":{"line":455,"column":7}},"145":{"start":{"line":458,"column":4},"end":{"line":458,"column":37}},"146":{"start":{"line":459,"column":4},"end":{"line":459,"column":25}},"147":{"start":{"line":461,"column":4},"end":{"line":461,"column":56}},"148":{"start":{"line":462,"column":4},"end":{"line":462,"column":16}},"149":{"start":{"line":472,"column":32},"end":{"line":538,"column":1}},"150":{"start":{"line":473,"column":18},"end":{"line":473,"column":47}},"151":{"start":{"line":474,"column":2},"end":{"line":474,"column":29}},"152":{"start":{"line":476,"column":2},"end":{"line":537,"column":3}},"153":{"start":{"line":477,"column":19},"end":{"line":477,"column":29}},"154":{"start":{"line":478,"column":31},"end":{"line":478,"column":39}},"155":{"start":{"line":481,"column":24},"end":{"line":481,"column":54}},"156":{"start":{"line":483,"column":4},"end":{"line":488,"column":5}},"157":{"start":{"line":484,"column":6},"end":{"line":487,"column":9}},"158":{"start":{"line":491,"column":21},"end":{"line":491,"column":43}},"159":{"start":{"line":494,"column":31},"end":{"line":503,"column":5}},"160":{"start":{"line":506,"column":20},"end":{"line":514,"column":6}},"161":{"start":{"line":516,"column":4},"end":{"line":516,"column":36}},"162":{"start":{"line":519,"column":4},"end":{"line":519,"column":38}},"163":{"start":{"line":520,"column":4},"end":{"line":520,"column":25}},"164":{"start":{"line":523,"column":4},"end":{"line":523,"column":48}},"165":{"start":{"line":524,"column":4},"end":{"line":524,"column":48}},"166":{"start":{"line":526,"column":4},"end":{"line":529,"column":7}},"167":{"start":{"line":532,"column":4},"end":{"line":532,"column":37}},"168":{"start":{"line":533,"column":4},"end":{"line":533,"column":25}},"169":{"start":{"line":535,"column":4},"end":{"line":535,"column":63}},"170":{"start":{"line":536,"column":4},"end":{"line":536,"column":16}},"171":{"start":{"line":546,"column":34},"end":{"line":660,"column":1}},"172":{"start":{"line":547,"column":18},"end":{"line":547,"column":47}},"173":{"start":{"line":548,"column":2},"end":{"line":548,"column":29}},"174":{"start":{"line":550,"column":2},"end":{"line":659,"column":3}},"175":{"start":{"line":551,"column":19},"end":{"line":551,"column":29}},"176":{"start":{"line":552,"column":44},"end":{"line":552,"column":52}},"177":{"start":{"line":555,"column":24},"end":{"line":555,"column":54}},"178":{"start":{"line":557,"column":4},"end":{"line":562,"column":5}},"179":{"start":{"line":558,"column":6},"end":{"line":561,"column":9}},"180":{"start":{"line":565,"column":19},"end":{"line":565,"column":50}},"181":{"start":{"line":566,"column":4},"end":{"line":571,"column":5}},"182":{"start":{"line":567,"column":6},"end":{"line":570,"column":9}},"183":{"start":{"line":574,"column":21},"end":{"line":574,"column":43}},"184":{"start":{"line":577,"column":24},"end":{"line":579,"column":5}},"185":{"start":{"line":578,"column":11},"end":{"line":578,"column":45}},"186":{"start":{"line":583,"column":4},"end":{"line":625,"column":5}},"187":{"start":{"line":585,"column":6},"end":{"line":585,"column":62}},"188":{"start":{"line":586,"column":6},"end":{"line":586,"column":66}},"189":{"start":{"line":589,"column":6},"end":{"line":595,"column":7}},"190":{"start":{"line":590,"column":8},"end":{"line":594,"column":11}},"191":{"start":{"line":591,"column":10},"end":{"line":593,"column":11}},"192":{"start":{"line":592,"column":12},"end":{"line":592,"column":32}},"193":{"start":{"line":597,"column":6},"end":{"line":597,"column":63}},"194":{"start":{"line":600,"column":31},"end":{"line":604,"column":7}},"195":{"start":{"line":607,"column":6},"end":{"line":624,"column":7}},"196":{"start":{"line":608,"column":28},"end":{"line":611,"column":9}},"197":{"start":{"line":613,"column":8},"end":{"line":617,"column":10}},"198":{"start":{"line":619,"column":8},"end":{"line":623,"column":10}},"199":{"start":{"line":628,"column":20},"end":{"line":636,"column":6}},"200":{"start":{"line":638,"column":4},"end":{"line":638,"column":36}},"201":{"start":{"line":641,"column":4},"end":{"line":641,"column":38}},"202":{"start":{"line":642,"column":4},"end":{"line":642,"column":25}},"203":{"start":{"line":645,"column":4},"end":{"line":645,"column":48}},"204":{"start":{"line":646,"column":4},"end":{"line":646,"column":48}},"205":{"start":{"line":648,"column":4},"end":{"line":651,"column":7}},"206":{"start":{"line":654,"column":4},"end":{"line":654,"column":37}},"207":{"start":{"line":655,"column":4},"end":{"line":655,"column":25}},"208":{"start":{"line":657,"column":4},"end":{"line":657,"column":67}},"209":{"start":{"line":658,"column":4},"end":{"line":658,"column":16}},"210":{"start":{"line":668,"column":36},"end":{"line":740,"column":1}},"211":{"start":{"line":669,"column":18},"end":{"line":669,"column":47}},"212":{"start":{"line":670,"column":2},"end":{"line":670,"column":29}},"213":{"start":{"line":672,"column":2},"end":{"line":739,"column":3}},"214":{"start":{"line":673,"column":29},"end":{"line":673,"column":39}},"215":{"start":{"line":676,"column":24},"end":{"line":676,"column":54}},"216":{"start":{"line":678,"column":4},"end":{"line":683,"column":5}},"217":{"start":{"line":679,"column":6},"end":{"line":682,"column":9}},"218":{"start":{"line":686,"column":21},"end":{"line":686,"column":43}},"219":{"start":{"line":689,"column":25},"end":{"line":691,"column":5}},"220":{"start":{"line":690,"column":11},"end":{"line":690,"column":45}},"221":{"start":{"line":693,"column":4},"end":{"line":698,"column":5}},"222":{"start":{"line":694,"column":6},"end":{"line":697,"column":9}},"223":{"start":{"line":701,"column":31},"end":{"line":705,"column":5}},"224":{"start":{"line":708,"column":20},"end":{"line":716,"column":6}},"225":{"start":{"line":718,"column":4},"end":{"line":718,"column":36}},"226":{"start":{"line":721,"column":4},"end":{"line":721,"column":38}},"227":{"start":{"line":722,"column":4},"end":{"line":722,"column":25}},"228":{"start":{"line":725,"column":4},"end":{"line":725,"column":48}},"229":{"start":{"line":726,"column":4},"end":{"line":726,"column":48}},"230":{"start":{"line":728,"column":4},"end":{"line":731,"column":7}},"231":{"start":{"line":734,"column":4},"end":{"line":734,"column":37}},"232":{"start":{"line":735,"column":4},"end":{"line":735,"column":25}},"233":{"start":{"line":737,"column":4},"end":{"line":737,"column":68}},"234":{"start":{"line":738,"column":4},"end":{"line":738,"column":16}},"235":{"start":{"line":748,"column":33},"end":{"line":814,"column":1}},"236":{"start":{"line":749,"column":18},"end":{"line":749,"column":47}},"237":{"start":{"line":750,"column":2},"end":{"line":750,"column":29}},"238":{"start":{"line":752,"column":2},"end":{"line":813,"column":3}},"239":{"start":{"line":753,"column":19},"end":{"line":753,"column":29}},"240":{"start":{"line":754,"column":24},"end":{"line":754,"column":32}},"241":{"start":{"line":757,"column":24},"end":{"line":757,"column":54}},"242":{"start":{"line":759,"column":4},"end":{"line":764,"column":5}},"243":{"start":{"line":760,"column":6},"end":{"line":763,"column":9}},"244":{"start":{"line":767,"column":21},"end":{"line":767,"column":43}},"245":{"start":{"line":770,"column":31},"end":{"line":779,"column":5}},"246":{"start":{"line":782,"column":20},"end":{"line":790,"column":6}},"247":{"start":{"line":792,"column":4},"end":{"line":792,"column":36}},"248":{"start":{"line":795,"column":4},"end":{"line":795,"column":38}},"249":{"start":{"line":796,"column":4},"end":{"line":796,"column":25}},"250":{"start":{"line":799,"column":4},"end":{"line":799,"column":48}},"251":{"start":{"line":800,"column":4},"end":{"line":800,"column":48}},"252":{"start":{"line":802,"column":4},"end":{"line":805,"column":7}},"253":{"start":{"line":808,"column":4},"end":{"line":808,"column":37}},"254":{"start":{"line":809,"column":4},"end":{"line":809,"column":25}},"255":{"start":{"line":811,"column":4},"end":{"line":811,"column":64}},"256":{"start":{"line":812,"column":4},"end":{"line":812,"column":16}},"257":{"start":{"line":822,"column":32},"end":{"line":861,"column":1}},"258":{"start":{"line":823,"column":2},"end":{"line":860,"column":3}},"259":{"start":{"line":824,"column":36},"end":{"line":824,"column":45}},"260":{"start":{"line":825,"column":24},"end":{"line":825,"column":69}},"261":{"start":{"line":828,"column":25},"end":{"line":831,"column":6}},"262":{"start":{"line":834,"column":20},"end":{"line":834,"column":22}},"263":{"start":{"line":835,"column":4},"end":{"line":847,"column":5}},"264":{"start":{"line":836,"column":23},"end":{"line":836,"column":60}},"265":{"start":{"line":837,"column":6},"end":{"line":846,"column":7}},"266":{"start":{"line":838,"column":25},"end":{"line":838,"column":61}},"267":{"start":{"line":839,"column":8},"end":{"line":845,"column":11}},"268":{"start":{"line":849,"column":4},"end":{"line":856,"column":7}},"269":{"start":{"line":858,"column":4},"end":{"line":858,"column":65}},"270":{"start":{"line":859,"column":4},"end":{"line":859,"column":16}},"271":{"start":{"line":869,"column":34},"end":{"line":917,"column":1}},"272":{"start":{"line":870,"column":2},"end":{"line":916,"column":3}},"273":{"start":{"line":871,"column":54},"end":{"line":871,"column":63}},"274":{"start":{"line":872,"column":24},"end":{"line":872,"column":69}},"275":{"start":{"line":875,"column":25},"end":{"line":886,"column":13}},"276":{"start":{"line":889,"column":20},"end":{"line":900,"column":6}},"277":{"start":{"line":890,"column":23},"end":{"line":893,"column":7}},"278":{"start":{"line":895,"column":6},"end":{"line":899,"column":8}},"279":{"start":{"line":903,"column":4},"end":{"line":903,"column":52}},"280":{"start":{"line":903,"column":27},"end":{"line":903,"column":50}},"281":{"start":{"line":905,"column":4},"end":{"line":912,"column":7}},"282":{"start":{"line":914,"column":4},"end":{"line":914,"column":68}},"283":{"start":{"line":915,"column":4},"end":{"line":915,"column":16}},"284":{"start":{"line":927,"column":26},"end":{"line":940,"column":1}},"285":{"start":{"line":928,"column":18},"end":{"line":928,"column":54}},"286":{"start":{"line":928,"column":31},"end":{"line":928,"column":54}},"287":{"start":{"line":929,"column":22},"end":{"line":929,"column":26}},"288":{"start":{"line":931,"column":15},"end":{"line":931,"column":35}},"289":{"start":{"line":932,"column":15},"end":{"line":932,"column":35}},"290":{"start":{"line":934,"column":12},"end":{"line":936,"column":47}},"291":{"start":{"line":937,"column":12},"end":{"line":937,"column":56}},"292":{"start":{"line":939,"column":2},"end":{"line":939,"column":25}},"293":{"start":{"line":948,"column":30},"end":{"line":998,"column":1}},"294":{"start":{"line":949,"column":2},"end":{"line":997,"column":3}},"295":{"start":{"line":950,"column":19},"end":{"line":950,"column":29}},"296":{"start":{"line":951,"column":45},"end":{"line":951,"column":54}},"297":{"start":{"line":954,"column":18},"end":{"line":954,"column":39}},"298":{"start":{"line":957,"column":4},"end":{"line":959,"column":5}},"299":{"start":{"line":958,"column":6},"end":{"line":958,"column":28}},"300":{"start":{"line":962,"column":17},"end":{"line":962,"column":55}},"301":{"start":{"line":965,"column":20},"end":{"line":970,"column":13}},"302":{"start":{"line":973,"column":18},"end":{"line":973,"column":64}},"303":{"start":{"line":976,"column":23},"end":{"line":976,"column":57}},"304":{"start":{"line":977,"column":24},"end":{"line":977,"column":41}},"305":{"start":{"line":978,"column":24},"end":{"line":978,"column":32}},"306":{"start":{"line":980,"column":4},"end":{"line":993,"column":7}},"307":{"start":{"line":995,"column":4},"end":{"line":995,"column":63}},"308":{"start":{"line":996,"column":4},"end":{"line":996,"column":16}},"309":{"start":{"line":1006,"column":31},"end":{"line":1048,"column":1}},"310":{"start":{"line":1007,"column":2},"end":{"line":1047,"column":3}},"311":{"start":{"line":1008,"column":19},"end":{"line":1008,"column":29}},"312":{"start":{"line":1011,"column":24},"end":{"line":1011,"column":54}},"313":{"start":{"line":1013,"column":4},"end":{"line":1018,"column":5}},"314":{"start":{"line":1014,"column":6},"end":{"line":1017,"column":9}},"315":{"start":{"line":1021,"column":29},"end":{"line":1030,"column":13}},"316":{"start":{"line":1032,"column":4},"end":{"line":1043,"column":7}},"317":{"start":{"line":1045,"column":4},"end":{"line":1045,"column":64}},"318":{"start":{"line":1046,"column":4},"end":{"line":1046,"column":16}},"319":{"start":{"line":1051,"column":16},"end":{"line":1063,"column":2}},"320":{"start":{"line":1053,"column":22},"end":{"line":1053,"column":59}},"321":{"start":{"line":1054,"column":4},"end":{"line":1056,"column":5}},"322":{"start":{"line":1055,"column":6},"end":{"line":1055,"column":51}},"323":{"start":{"line":1057,"column":4},"end":{"line":1057,"column":24}},"324":{"start":{"line":1060,"column":25},"end":{"line":1060,"column":75}},"325":{"start":{"line":1061,"column":4},"end":{"line":1061,"column":84}},"326":{"start":{"line":1065,"column":15},"end":{"line":1080,"column":17}},"327":{"start":{"line":1070,"column":22},"end":{"line":1070,"column":48}},"328":{"start":{"line":1071,"column":20},"end":{"line":1071,"column":81}},"329":{"start":{"line":1072,"column":21},"end":{"line":1072,"column":50}},"330":{"start":{"line":1074,"column":4},"end":{"line":1078,"column":5}},"331":{"start":{"line":1075,"column":6},"end":{"line":1075,"column":28}},"332":{"start":{"line":1077,"column":6},"end":{"line":1077,"column":72}},"333":{"start":{"line":1083,"column":25},"end":{"line":1083,"column":42}},"334":{"start":{"line":1091,"column":27},"end":{"line":1247,"column":1}},"335":{"start":{"line":1092,"column":2},"end":{"line":1246,"column":3}},"336":{"start":{"line":1094,"column":4},"end":{"line":1094,"column":37}},"337":{"start":{"line":1096,"column":4},"end":{"line":1101,"column":5}},"338":{"start":{"line":1097,"column":6},"end":{"line":1100,"column":9}},"339":{"start":{"line":1103,"column":54},"end":{"line":1103,"column":62}},"340":{"start":{"line":1104,"column":21},"end":{"line":1104,"column":34}},"341":{"start":{"line":1107,"column":23},"end":{"line":1107,"column":25}},"342":{"start":{"line":1109,"column":4},"end":{"line":1183,"column":5}},"343":{"start":{"line":1111,"column":26},"end":{"line":1111,"column":59}},"344":{"start":{"line":1112,"column":22},"end":{"line":1112,"column":45}},"345":{"start":{"line":1114,"column":6},"end":{"line":1129,"column":7}},"346":{"start":{"line":1115,"column":8},"end":{"line":1128,"column":11}},"347":{"start":{"line":1116,"column":29},"end":{"line":1116,"column":53}},"348":{"start":{"line":1118,"column":10},"end":{"line":1127,"column":12}},"349":{"start":{"line":1130,"column":11},"end":{"line":1183,"column":5}},"350":{"start":{"line":1132,"column":26},"end":{"line":1132,"column":59}},"351":{"start":{"line":1133,"column":22},"end":{"line":1133,"column":83}},"352":{"start":{"line":1135,"column":6},"end":{"line":1160,"column":9}},"353":{"start":{"line":1137,"column":20},"end":{"line":1137,"column":47}},"354":{"start":{"line":1138,"column":20},"end":{"line":1138,"column":47}},"355":{"start":{"line":1139,"column":23},"end":{"line":1139,"column":53}},"356":{"start":{"line":1142,"column":24},"end":{"line":1142,"column":61}},"357":{"start":{"line":1144,"column":8},"end":{"line":1159,"column":10}},"358":{"start":{"line":1161,"column":11},"end":{"line":1183,"column":5}},"359":{"start":{"line":1163,"column":26},"end":{"line":1163,"column":59}},"360":{"start":{"line":1164,"column":21},"end":{"line":1164,"column":65}},"361":{"start":{"line":1165,"column":22},"end":{"line":1165,"column":43}},"362":{"start":{"line":1167,"column":6},"end":{"line":1182,"column":7}},"363":{"start":{"line":1168,"column":8},"end":{"line":1181,"column":11}},"364":{"start":{"line":1169,"column":29},"end":{"line":1169,"column":53}},"365":{"start":{"line":1171,"column":10},"end":{"line":1180,"column":12}},"366":{"start":{"line":1186,"column":20},"end":{"line":1192,"column":5}},"367":{"start":{"line":1194,"column":4},"end":{"line":1226,"column":5}},"368":{"start":{"line":1195,"column":6},"end":{"line":1225,"column":7}},"369":{"start":{"line":1197,"column":29},"end":{"line":1197,"column":79}},"370":{"start":{"line":1199,"column":8},"end":{"line":1218,"column":9}},"371":{"start":{"line":1201,"column":10},"end":{"line":1205,"column":12}},"372":{"start":{"line":1206,"column":10},"end":{"line":1206,"column":28}},"373":{"start":{"line":1207,"column":15},"end":{"line":1218,"column":9}},"374":{"start":{"line":1209,"column":10},"end":{"line":1209,"column":45}},"375":{"start":{"line":1210,"column":10},"end":{"line":1210,"column":28}},"376":{"start":{"line":1213,"column":10},"end":{"line":1213,"column":27}},"377":{"start":{"line":1214,"column":10},"end":{"line":1217,"column":13}},"378":{"start":{"line":1220,"column":8},"end":{"line":1220,"column":25}},"379":{"start":{"line":1221,"column":8},"end":{"line":1224,"column":11}},"380":{"start":{"line":1229,"column":4},"end":{"line":1229,"column":28}},"381":{"start":{"line":1232,"column":4},"end":{"line":1232,"column":48}},"382":{"start":{"line":1234,"column":4},"end":{"line":1237,"column":7}},"383":{"start":{"line":1240,"column":4},"end":{"line":1242,"column":5}},"384":{"start":{"line":1241,"column":6},"end":{"line":1241,"column":35}},"385":{"start":{"line":1244,"column":4},"end":{"line":1244,"column":58}},"386":{"start":{"line":1245,"column":4},"end":{"line":1245,"column":16}},"387":{"start":{"line":1255,"column":27},"end":{"line":1400,"column":1}},"388":{"start":{"line":1256,"column":2},"end":{"line":1399,"column":3}},"389":{"start":{"line":1257,"column":43},"end":{"line":1257,"column":52}},"390":{"start":{"line":1260,"column":18},"end":{"line":1260,"column":20}},"391":{"start":{"line":1263,"column":4},"end":{"line":1265,"column":5}},"392":{"start":{"line":1264,"column":6},"end":{"line":1264,"column":28}},"393":{"start":{"line":1268,"column":25},"end":{"line":1268,"column":61}},"394":{"start":{"line":1271,"column":22},"end":{"line":1271,"column":59}},"395":{"start":{"line":1272,"column":4},"end":{"line":1274,"column":5}},"396":{"start":{"line":1273,"column":6},"end":{"line":1273,"column":51}},"397":{"start":{"line":1279,"column":4},"end":{"line":1382,"column":5}},"398":{"start":{"line":1281,"column":6},"end":{"line":1281,"column":55}},"399":{"start":{"line":1282,"column":6},"end":{"line":1282,"column":48}},"400":{"start":{"line":1284,"column":23},"end":{"line":1296,"column":9}},"401":{"start":{"line":1284,"column":49},"end":{"line":1296,"column":7}},"402":{"start":{"line":1298,"column":22},"end":{"line":1301,"column":7}},"403":{"start":{"line":1303,"column":6},"end":{"line":1303,"column":67}},"404":{"start":{"line":1304,"column":11},"end":{"line":1382,"column":5}},"405":{"start":{"line":1306,"column":6},"end":{"line":1306,"column":51}},"406":{"start":{"line":1307,"column":6},"end":{"line":1307,"column":48}},"407":{"start":{"line":1309,"column":22},"end":{"line":1319,"column":9}},"408":{"start":{"line":1309,"column":48},"end":{"line":1319,"column":7}},"409":{"start":{"line":1321,"column":18},"end":{"line":1321,"column":54}},"410":{"start":{"line":1322,"column":6},"end":{"line":1322,"column":38}},"411":{"start":{"line":1323,"column":11},"end":{"line":1382,"column":5}},"412":{"start":{"line":1325,"column":6},"end":{"line":1325,"column":51}},"413":{"start":{"line":1326,"column":6},"end":{"line":1326,"column":48}},"414":{"start":{"line":1328,"column":21},"end":{"line":1328,"column":51}},"415":{"start":{"line":1329,"column":22},"end":{"line":1331,"column":8}},"416":{"start":{"line":1334,"column":6},"end":{"line":1334,"column":27}},"417":{"start":{"line":1337,"column":23},"end":{"line":1349,"column":9}},"418":{"start":{"line":1337,"column":49},"end":{"line":1349,"column":7}},"419":{"start":{"line":1351,"column":22},"end":{"line":1354,"column":7}},"420":{"start":{"line":1357,"column":22},"end":{"line":1367,"column":9}},"421":{"start":{"line":1357,"column":48},"end":{"line":1367,"column":7}},"422":{"start":{"line":1369,"column":18},"end":{"line":1369,"column":54}},"423":{"start":{"line":1372,"column":6},
[...]
,"D:\\PROJECT\\sarana-app\\apps\\branch-service\\src\\utils\\redis.js": {"path":"D:\\PROJECT\\sarana-app\\apps\\branch-service\\src\\utils\\redis.js","statementMap":{"0":{"start":{"line":6,"column":14},"end":{"line":6,"column":30}},"1":{"start":{"line":7,"column":19},"end":{"line":7,"column":38}},"2":{"start":{"line":11,"column":18},"end":{"line":11,"column":23}},"3":{"start":{"line":12,"column":19},"end":{"line":12,"column":24}},"4":{"start":{"line":13,"column":24},"end":{"line":13,"column":25}},"5":{"start":{"line":14,"column":31},"end":{"line":14,"column":33}},"6":{"start":{"line":20,"column":16},"end":{"line":86,"column":1}},"7":{"start":{"line":21,"column":2},"end":{"line":23,"column":3}},"8":{"start":{"line":22,"column":4},"end":{"line":22,"column":18}},"9":{"start":{"line":25,"column":2},"end":{"line":35,"column":3}},"10":{"start":{"line":27,"column":4},"end":{"line":34,"column":7}},"11":{"start":{"line":28,"column":28},"end":{"line":33,"column":13}},"12":{"start":{"line":29,"column":8},"end":{"line":32,"column":9}},"13":{"start":{"line":30,"column":10},"end":{"line":30,"column":39}},"14":{"start":{"line":31,"column":10},"end":{"line":31,"column":26}},"15":{"start":{"line":37,"column":2},"end":{"line":37,"column":22}},"16":{"start":{"line":39,"column":2},"end":{"line":85,"column":3}},"17":{"start":{"line":40,"column":4},"end":{"line":42,"column":7}},"18":{"start":{"line":45,"column":4},"end":{"line":48,"column":7}},"19":{"start":{"line":46,"column":6},"end":{"line":46,"column":59}},"20":{"start":{"line":47,"column":6},"end":{"line":47,"column":26}},"21":{"start":{"line":50,"column":4},"end":{"line":55,"column":7}},"22":{"start":{"line":51,"column":6},"end":{"line":51,"column":44}},"23":{"start":{"line":52,"column":6},"end":{"line":52,"column":25}},"24":{"start":{"line":53,"column":6},"end":{"line":53,"column":27}},"25":{"start":{"line":54,"column":6},"end":{"line":54,"column":28}},"26":{"start":{"line":57,"column":4},"end":{"line":75,"column":7}},"27":{"start":{"line":58,"column":6},"end":{"line":58,"column":47}},"28":{"start":{"line":59,"column":6},"end":{"line":59,"column":26}},"29":{"start":{"line":62,"column":6},"end":{"line":74,"column":7}},"30":{"start":{"line":63,"column":22},"end":{"line":63,"column":59}},"31":{"start":{"line":64,"column":8},"end":{"line":64,"column":87}},"32":{"start":{"line":65,"column":8},"end":{"line":71,"column":18}},"33":{"start":{"line":66,"column":10},"end":{"line":66,"column":30}},"34":{"start":{"line":67,"column":10},"end":{"line":67,"column":51}},"35":{"start":{"line":68,"column":10},"end":{"line":70,"column":13}},"36":{"start":{"line":69,"column":12},"end":{"line":69,"column":60}},"37":{"start":{"line":73,"column":8},"end":{"line":73,"column":92}},"38":{"start":{"line":78,"column":4},"end":{"line":78,"column":27}},"39":{"start":{"line":80,"column":4},"end":{"line":80,"column":18}},"40":{"start":{"line":82,"column":4},"end":{"line":82,"column":55}},"41":{"start":{"line":83,"column":4},"end":{"line":83,"column":25}},"42":{"start":{"line":84,"column":4},"end":{"line":84,"column":16}},"43":{"start":{"line":93,"column":12},"end":{"line":104,"column":1}},"44":{"start":{"line":94,"column":2},"end":{"line":103,"column":3}},"45":{"start":{"line":95,"column":4},"end":{"line":97,"column":5}},"46":{"start":{"line":96,"column":6},"end":{"line":96,"column":22}},"47":{"start":{"line":99,"column":4},"end":{"line":99,"column":33}},"48":{"start":{"line":101,"column":4},"end":{"line":101,"column":59}},"49":{"start":{"line":102,"column":4},"end":{"line":102,"column":16}},"50":{"start":{"line":113,"column":12},"end":{"line":125,"column":1}},"51":{"start":{"line":114,"column":2},"end":{"line":124,"column":3}},"52":{"start":{"line":115,"column":4},"end":{"line":117,"column":5}},"53":{"start":{"line":116,"column":6},"end":{"line":116,"column":22}},"54":{"start":{"line":119,"column":4},"end":{"line":119,"column":42}},"55":{"start":{"line":120,"column":4},"end":{"line":120,"column":16}},"56":{"start":{"line":122,"column":4},"end":{"line":122,"column":59}},"57":{"start":{"line":123,"column":4},"end":{"line":123,"column":17}},"58":{"start":{"line":132,"column":12},"end":{"line":149,"column":1}},"59":{"start":{"line":133,"column":2},"end":{"line":148,"column":3}},"60":{"start":{"line":134,"column":4},"end":{"line":136,"column":5}},"61":{"start":{"line":135,"column":6},"end":{"line":135,"column":22}},"62":{"start":{"line":138,"column":4},"end":{"line":142,"column":5}},"63":{"start":{"line":139,"column":6},"end":{"line":139,"column":28}},"64":{"start":{"line":141,"column":6},"end":{"line":141,"column":28}},"65":{"start":{"line":144,"column":4},"end":{"line":144,"column":16}},"66":{"start":{"line":146,"column":4},"end":{"line":146,"column":59}},"67":{"start":{"line":147,"column":4},"end":{"line":147,"column":17}},"68":{"start":{"line":156,"column":13},"end":{"line":167,"column":1}},"69":{"start":{"line":157,"column":2},"end":{"line":166,"column":3}},"70":{"start":{"line":158,"column":4},"end":{"line":160,"column":5}},"71":{"start":{"line":159,"column":6},"end":{"line":159,"column":22}},"72":{"start":{"line":162,"column":4},"end":{"line":162,"column":38}},"73":{"start":{"line":164,"column":4},"end":{"line":164,"column":68}},"74":{"start":{"line":165,"column":4},"end":{"line":165,"column":14}},"75":{"start":{"line":173,"column":25},"end":{"line":175,"column":1}},"76":{"start":{"line":174,"column":2},"end":{"line":174,"column":21}},"77":{"start":{"line":177,"column":0},"end":{"line":184,"column":2}}},"fnMap":{"0":{"name":"(anonymous_0)","decl":{"start":{"line":20,"column":16},"end":{"line":20,"column":17}},"loc":{"start":{"line":20,"column":28},"end":{"line":86,"column":1}},"line":20},"1":{"name":"(anonymous_1)","decl":{"start":{"line":27,"column":23},"end":{"line":27,"column":24}},"loc":{"start":{"line":27,"column":36},"end":{"line":34,"column":5}},"line":27},"2":{"name":"(anonymous_2)","decl":{"start":{"line":28,"column":40},"end":{"line":28,"column":41}},"loc":{"start":{"line":28,"column":46},"end":{"line":33,"column":7}},"line":28},"3":{"name":"(anonymous_3)","decl":{"start":{"line":45,"column":23},"end":{"line":45,"column":24}},"loc":{"start":{"line":45,"column":32},"end":{"line":48,"column":5}},"line":45},"4":{"name":"(anonymous_4)","decl":{"start":{"line":50,"column":25},"end":{"line":50,"column":26}},"loc":{"start":{"line":50,"column":31},"end":{"line":55,"column":5}},"line":50},"5":{"name":"(anonymous_5)","decl":{"start":{"line":57,"column":21},"end":{"line":57,"column":22}},"loc":{"start":{"line":57,"column":27},"end":{"line":75,"column":5}},"line":57},"6":{"name":"(anonymous_6)","decl":{"start":{"line":65,"column":19},"end":{"line":65,"column":20}},"loc":{"start":{"line":65,"column":25},"end":{"line":71,"column":9}},"line":65},"7":{"name":"(anonymous_7)","decl":{"start":{"line":68,"column":33},"end":{"line":68,"column":34}},"loc":{"start":{"line":68,"column":42},"end":{"line":70,"column":11}},"line":68},"8":{"name":"(anonymous_8)","decl":{"start":{"line":93,"column":12},"end":{"line":93,"column":13}},"loc":{"start":{"line":93,"column":27},"end":{"line":104,"column":1}},"line":93},"9":{"name":"(anonymous_9)","decl":{"start":{"line":113,"column":12},"end":{"line":113,"column":13}},"loc":{"start":{"line":113,"column":48},"end":{"line":125,"column":1}},"line":113},"10":{"name":"(anonymous_10)","decl":{"start":{"line":132,"column":12},"end":{"line":132,"column":13}},"loc":{"start":{"line":132,"column":27},"end":{"line":149,"column":1}},"line":132},"11":{"name":"(anonymous_11)","decl":{"start":{"line":156,"column":13},"end":{"line":156,"column":14}},"loc":{"start":{"line":156,"column":32},"end":{"line":167,"column":1}},"line":156},"12":{"name":"(anonymous_12)","decl":{"start":{"line":173,"column":25},"end":{"line":173,"column":26}},"loc":{"start":{"line":173,"column":31},"end":{"line":175,"column":1}},"line":173}},"branchMap":{"0":{"loc":{"start":{"line":21,"column":2},"end":{"line":23,"column":3}},"type":"if","locations":[{"start":{"line":21,"column":2},"end":{"line":23,"column":3}},{"start":{},"end":{}}],"line":21},"1":{"loc":{"start":{"line":25,"column":2},"end":{"line":35,"column":3}},"type":"if","locations":[{"start":{"line":25,"column":2},"end":{"line":35,"column":3}},{"start":{},"end":{}}],"line":25},"2":{"loc":{"start":{"line":29,"column":8},"end":{"line":32,"column":9}},"type":"if","locations":[{"start":{"line":29,"column":8},"end":{"line":32,"column":9}},{"start":{},"end":{}}],"line":29},"3":{"loc":{"start":{"line":41,"column":11},"end":{"line":41,"column":60}},"type":"binary-expr","locations":[{"start":{"line":41,"column":11},"end":{"line":41,"column":32}},{"start":{"line":41,"column":36},"end":{"line":41,"column":60}}],"line":41},"4":{"loc":{"start":{"line":62,"column":6},"end":{"line":74,"column":7}},"type":"if","locations":[{"start":{"line":62,"column":6},"end":{"line":74,"column":7}},{"start":{"line":72,"column":13},"end":{"line":74,"column":7}}],"line":62},"5":{"loc":{"start":{"line":95,"column":4},"end":{"line":97,"column":5}},"type":"if","locations":[{"start":{"line":95,"column":4},"end":{"line":97,"column":5}},{"start":{},"end":{}}],"line":95},"6":{"loc":{"start":{"line":113,"column":31},"end":{"line":113,"column":43}},"type":"default-arg","locations":[{"start":{"line":113,"column":41},"end":{"line":113,"column":43}}],"line":113},"7":{"loc":{"start":{"line":115,"column":4},"end":{"line":117,"column":5}},"type":"if","locations":[{"start":{"line":115,"column":4},"end":{"line":117,"column":5}},{"start":{},"end":{}}],"line":115},"8":{"loc":{"start":{"line":134,"column":4},"end":{"line":136,"column":5}},"type":"if","locations":[{"start":{"line":134,"column":4},"end":{"line":136,"column":5}},{"start":{},"end":{}}],"line":134},"9":{"loc":{"start":{"line":138,"column":4},"end":{"line":142,"column":5}},"type":"if","locations":[{"start":{"line":138,"column":4},"end":{"line":142,"column":5}},{"start":{"line":140,"column":11},"end":{"line":142,"column":5}}],"line":138},"10":{"loc":{"start":{"line":158,"column":4},"end":{"line":160,"column":5}},"type":"if","locations":[{"start":{"line":158,"column":4},"end":{"line":160,"column":5}},{"start":{},"end":{}}],"line":158}},"s":{"0":0,"1":0,"2":0,"3":0,"4":0,"5":0,"6":0,"7":0,"8":0,"9":0,"10":0,"11":0,"12":0,"13":0,"14":0,"15":0,"16":0,"17":0,"18":0,"19":0,"20":0,"21":0,"22":0,"23":0,"24":0,"25":0,"26":0,"27":0,"28":0,"29":0,"30":0,"31":0,"32":0,"33":0,"34":0,"35":0,"36":0,"37":0,"38":0,"39":0,"40":0,"41":0,"42":0,"43":0,"44":0,"45":0,"46":0,"47":0,"48":0,"49":0,"50":0,"51":0,"52":0,"53":0,"54":0,"55":0,"56":0,"57":0,"58":0,"59":0,"60":0,"61":0,"62":0,"63":0,"64":0,"65":0,"66":0,"67":0,"68":0,"69":0,"70":0,"71":0,"72":0,"73":0,"74":0,"75":0,"76":0,"77":0},"f":{"0":0,"1":0,"2":0,"3":0,"4":0,"5":0,"6":0,"7":0,"8":0,"9":0,"10":0,"11":0,"12":0},"b":{"0":[0,0],"1":[0,0],"2":[0,0],"3":[0,0],"4":[0,0],"5":[0,0],"6":[0],"7":[0,0],"8":[0,0],"9":[0,0],"10":[0,0]}}
,"D:\\PROJECT\\sarana-app\\apps\\branch-service\\src\\utils\\serviceAreaValidation.js": {"path":"D:\\PROJECT\\sarana-app\\apps\\branch-service\\src\\utils\\serviceAreaValidation.js","statementMap":{"0":{"start":{"line":6,"column":12},"end":{"line":6,"column":26}},"1":{"start":{"line":7,"column":17},"end":{"line":7,"column":36}},"2":{"start":{"line":8,"column":28},"end":{"line":8,"column":55}},"3":{"start":{"line":11,"column":20},"end":{"line":18,"column":2}},"4":{"start":{"line":21,"column":22},"end":{"line":31,"column":2}},"5":{"start":{"line":34,"column":26},"end":{"line":185,"column":1}},"6":{"start":{"line":60,"column":10},"end":{"line":62,"column":11}},"7":{"start":{"line":61,"column":12},"end":{"line":61,"column":48}},"8":{"start":{"line":63,"column":10},"end":{"line":63,"column":23}},"9":{"start":{"line":109,"column":6},"end":{"line":111,"column":7}},"10":{"start":{"line":110,"column":8},"end":{"line":110,"column":44}},"11":{"start":{"line":112,"column":6},"end":{"line":112,"column":19}},"12":{"start":{"line":133,"column":6},"end":{"line":135,"column":7}},"13":{"start":{"line":134,"column":8},"end":{"line":134,"column":44}},"14":{"start":{"line":136,"column":6},"end":{"line":136,"column":19}},"15":{"start":{"line":188,"column":21},"end":{"line":207,"column":2}},"16":{"start":{"line":195,"column":4},"end":{"line":197,"column":5}},"17":{"start":{"line":196,"column":6},"end":{"line":196,"column":42}},"18":{"start":{"line":198,"column":4},"end":{"line":198,"column":17}},"19":{"start":{"line":209,"column":0},"end":{"line":214,"column":2}}},"fnMap":{"0":{"name":"(anonymous_0)","decl":{"start":{"line":59,"column":38},"end":{"line":59,"column":39}},"loc":{"start":{"line":59,"column":58},"end":{"line":64,"column":9}},"line":59},"1":{"name":"(anonymous_1)","decl":{"start":{"line":108,"column":28},"end":{"line":108,"column":29}},"loc":{"start":{"line":108,"column":48},"end":{"line":113,"column":5}},"line":108},"2":{"name":"(anonymous_2)","decl":{"start":{"line":132,"column":34},"end":{"line":132,"column":35}},"loc":{"start":{"line":132,"column":54},"end":{"line":137,"column":5}},"line":132},"3":{"name":"(anonymous_3)","decl":{"start":{"line":194,"column":32},"end":{"line":194,"column":33}},"loc":{"start":{"line":194,"column":52},"end":{"line":199,"column":3}},"line":194}},"branchMap":{"0":{"loc":{"start":{"line":60,"column":10},"end":{"line":62,"column":11}},"type":"if","locations":[{"start":{"line":60,"column":10},"end":{"line":62,"column":11}},{"start":{},"end":{}}],"line":60},"1":{"loc":{"start":{"line":109,"column":6},"end":{"line":111,"column":7}},"type":"if","locations":[{"start":{"line":109,"column":6},"end":{"line":111,"column":7}},{"start":{},"end":{}}],"line":109},"2":{"loc":{"start":{"line":133,"column":6},"end":{"line":135,"column":7}},"type":"if","locations":[{"start":{"line":133,"column":6},"end":{"line":135,"column":7}},{"start":{},"end":{}}],"line":133},"3":{"loc":{"start":{"line":195,"column":4},"end":{"line":197,"column":5}},"type":"if","locations":[{"start":{"line":195,"column":4},"end":{"line":197,"column":5}},{"start":{},"end":{}}],"line":195},"4":{"loc":{"start":{"line":195,"column":8},"end":{"line":195,"column":40}},"type":"binary-expr","locations":[{"start":{"line":195,"column":8},"end":{"line":195,"column":13}},{"start":{"line":195,"column":17},"end":{"line":195,"column":40}}],"line":195}},"s":{"0":1,"1":1,"2":1,"3":1,"4":1,"5":1,"6":0,"7":0,"8":0,"9":0,"10":0,"11":0,"12":0,"13":0,"14":0,"15":1,"16":0,"17":0,"18":0,"19":1},"f":{"0":0,"1":0,"2":0,"3":0},"b":{"0":[0,0],"1":[0,0],"2":[0,0],"3":[0,0],"4":[0,0]},"_coverageSchema":"1a1c01bbd47fc00a2c39e90264f33305004495a9","hash":"cb3794559736c82ecfd8ef649d12a34341841948"}
,"D:\\PROJECT\\sarana-app\\apps\\branch-service\\src\\utils\\validationUtil.js": {"path":"D:\\PROJECT\\sarana-app\\apps\\branch-service\\src\\utils\\validationUtil.js","statementMap":{"0":{"start":{"line":6,"column":12},"end":{"line":6,"column":26}},"1":{"start":{"line":7,"column":17},"end":{"line":7,"column":36}},"2":{"start":{"line":8,"column":19},"end":{"line":8,"column":38}},"3":{"start":{"line":15,"column":24},"end":{"line":17,"column":1}},"4":{"start":{"line":16,"column":2},"end":{"line":16,"column":45}},"5":{"start":{"line":25,"column":17},"end":{"line":51,"column":1}},"6":{"start":{"line":26,"column":2},"end":{"line":50,"column":4}},"7":{"start":{"line":27,"column":29},"end":{"line":30,"column":6}},"8":{"start":{"line":32,"column":4},"end":{"line":45,"column":5}},"9":{"start":{"line":33,"column":27},"end":{"line":36,"column":9}},"10":{"start":{"line":33,"column":58},"end":{"line":36,"column":7}},"11":{"start":{"line":38,"column":6},"end":{"line":38,"column":80}},"12":{"start":{"line":40,"column":6},"end":{"line":44,"column":9}},"13":{"start":{"line":48,"column":4},"end":{"line":48,"column":26}},"14":{"start":{"line":49,"column":4},"end":{"line":49,"column":11}},"15":{"start":{"line":54,"column":21},"end":{"line":245,"column":1}},"16":{"start":{"line":80,"column":6},"end":{"line":82,"column":7}},"17":{"start":{"line":81,"column":8},"end":{"line":81,"column":44}},"18":{"start":{"line":83,"column":6},"end":{"line":83,"column":19}},"19":{"start":{"line":129,"column":6},"end":{"line":131,"column":7}},"20":{"start":{"line":130,"column":8},"end":{"line":130,"column":44}},"21":{"start":{"line":132,"column":6},"end":{"line":132,"column":19}},"22":{"start":{"line":156,"column":6},"end":{"line":158,"column":7}},"23":{"start":{"line":157,"column":8},"end":{"line":157,"column":44}},"24":{"start":{"line":159,"column":6},"end":{"line":159,"column":19}},"25":{"start":{"line":248,"column":25},"end":{"line":254,"column":2}},"26":{"start":{"line":256,"column":0},"end":{"line":261,"column":2}}},"fnMap":{"0":{"name":"(anonymous_0)","decl":{"start":{"line":15,"column":24},"end":{"line":15,"column":25}},"loc":{"start":{"line":15,"column":32},"end":{"line":17,"column":1}},"line":15},"1":{"name":"(anonymous_1)","decl":{"start":{"line":25,"column":17},"end":{"line":25,"column":18}},"loc":{"start":{"line":25,"column":48},"end":{"line":51,"column":1}},"line":25},"2":{"name":"(anonymous_2)","decl":{"start":{"line":26,"column":9},"end":{"line":26,"column":10}},"loc":{"start":{"line":26,"column":29},"end":{"line":50,"column":3}},"line":26},"3":{"name":"(anonymous_3)","decl":{"start":{"line":33,"column":45},"end":{"line":33,"column":46}},"loc":{"start":{"line":33,"column":58},"end":{"line":36,"column":7}},"line":33},"4":{"name":"(anonymous_4)","decl":{"start":{"line":79,"column":34},"end":{"line":79,"column":35}},"loc":{"start":{"line":79,"column":54},"end":{"line":84,"column":5}},"line":79},"5":{"name":"(anonymous_5)","decl":{"start":{"line":128,"column":34},"end":{"line":128,"column":35}},"loc":{"start":{"line":128,"column":54},"end":{"line":133,"column":5}},"line":128},"6":{"name":"(anonymous_6)","decl":{"start":{"line":155,"column":28},"end":{"line":155,"column":29}},"loc":{"start":{"line":155,"column":48},"end":{"line":160,"column":5}},"line":155}},"branchMap":{"0":{"loc":{"start":{"line":25,"column":26},"end":{"line":25,"column":43}},"type":"default-arg","locations":[{"start":{"line":25,"column":37},"end":{"line":25,"column":43}}],"line":25},"1":{"loc":{"start":{"line":32,"column":4},"end":{"line":45,"column":5}},"type":"if","locations":[{"start":{"line":32,"column":4},"end":{"line":45,"column":5}},{"start":{},"end":{}}],"line":32},"2":{"loc":{"start":{"line":80,"column":6},"end":{"line":82,"column":7}},"type":"if","locations":[{"start":{"line":80,"column":6},"end":{"line":82,"column":7}},{"start":{},"end":{}}],"line":80},"3":{"loc":{"start":{"line":80,"column":10},"end":{"line":80,"column":42}},"type":"binary-expr","locations":[{"start":{"line":80,"column":10},"end":{"line":80,"column":15}},{"start":{"line":80,"column":19},"end":{"line":80,"column":42}}],"line":80},"4":{"loc":{"start":{"line":129,"column":6},"end":{"line":131,"column":7}},"type":"if","locations":[{"start":{"line":129,"column":6},"end":{"line":131,"column":7}},{"start":{},"end":{}}],"line":129},"5":{"loc":{"start":{"line":129,"column":10},"end":{"line":129,"column":42}},"type":"binary-expr","locations":[{"start":{"line":129,"column":10},"end":{"line":129,"column":15}},{"start":{"line":129,"column":19},"end":{"line":129,"column":42}}],"line":129},"6":{"loc":{"start":{"line":156,"column":6},"end":{"line":158,"column":7}},"type":"if","locations":[{"start":{"line":156,"column":6},"end":{"line":158,"column":7}},{"start":{},"end":{}}],"line":156}},"s":{"0":1,"1":1,"2":1,"3":1,"4":0,"5":1,"6":0,"7":0,"8":0,"9":0,"10":0,"11":0,"12":0,"13":0,"14":0,"15":1,"16":0,"17":0,"18":0,"19":0,"20":0,"21":0,"22":0,"23":0,"24":0,"25":1,"26":1},"f":{"0":0,"1":0,"2":0,"3":0,"4":0,"5":0,"6":0},"b":{"0":[0],"1":[0,0],"2":[0,0],"3":[0,0],"4":[0,0],"5":[0,0],"6":[0,0]},"_coverageSchema":"1a1c01bbd47fc00a2c39e90264f33305004495a9","hash":"2fedb822800e0b248d00679989eb0dc6173ee955"}
}
