TN:
SF:src\controllers\branchController.js
FN:19,(anonymous_0)
FN:98,(anonymous_1)
FN:136,(anonymous_2)
FN:193,(anonymous_3)
FN:242,(anonymous_4)
FN:311,(anonymous_5)
FN:372,(anonymous_6)
FN:441,(anonymous_7)
FN:453,(anonymous_8)
FN:461,(anonymous_9)
FN:488,(anonymous_10)
FN:537,(anonymous_11)
FN:577,(anonymous_12)
FN:632,(anonymous_13)
FN:688,(anonymous_14)
FN:753,(anonymous_15)
FN:788,(anonymous_16)
FN:822,(anonymous_17)
FN:887,(anonymous_18)
FN:976,(anonymous_19)
FN:1044,(anonymous_20)
FNF:21
FNH:0
FNDA:0,(anonymous_0)
FNDA:0,(anonymous_1)
FNDA:0,(anonymous_2)
FNDA:0,(anonymous_3)
FNDA:0,(anonymous_4)
FNDA:0,(anonymous_5)
FNDA:0,(anonymous_6)
FNDA:0,(anonymous_7)
FNDA:0,(anonymous_8)
FNDA:0,(anonymous_9)
FNDA:0,(anonymous_10)
FNDA:0,(anonymous_11)
FNDA:0,(anonymous_12)
FNDA:0,(anonymous_13)
FNDA:0,(anonymous_14)
FNDA:0,(anonymous_15)
FNDA:0,(anonymous_16)
FNDA:0,(anonymous_17)
FNDA:0,(anonymous_18)
FNDA:0,(anonymous_19)
FNDA:0,(anonymous_20)
DA:6,0
DA:7,0
DA:8,0
DA:9,0
DA:10,0
DA:19,0
DA:20,0
DA:31,0
DA:33,0
DA:34,0
DA:35,0
DA:38,0
DA:40,0
DA:41,0
DA:47,0
DA:48,0
DA:51,0
DA:52,0
DA:55,0
DA:56,0
DA:59,0
DA:60,0
DA:64,0
DA:71,0
DA:73,0
DA:86,0
DA:87,0
DA:98,0
DA:99,0
DA:100,0
DA:102,0
DA:103,0
DA:109,0
DA:112,0
DA:113,0
DA:119,0
DA:124,0
DA:125,0
DA:136,0
DA:137,0
DA:138,0
DA:139,0
DA:142,0
DA:143,0
DA:144,0
DA:150,0
DA:151,0
DA:152,0
DA:160,0
DA:161,0
DA:164,0
DA:171,0
DA:174,0
DA:176,0
DA:181,0
DA:182,0
DA:193,0
DA:194,0
DA:195,0
DA:196,0
DA:197,0
DA:199,0
DA:200,0
DA:207,0
DA:208,0
DA:209,0
DA:216,0
DA:217,0
DA:218,0
DA:225,0
DA:226,0
DA:232,0
DA:233,0
DA:234,0
DA:241,0
DA:242,0
DA:244,0
DA:245,0
DA:253,0
DA:256,0
DA:257,0
DA:264,0
DA:273,0
DA:274,0
DA:278,0
DA:279,0
DA:280,0
DA:291,0
DA:292,0
DA:294,0
DA:299,0
DA:300,0
DA:311,0
DA:312,0
DA:313,0
DA:314,0
DA:316,0
DA:317,0
DA:324,0
DA:325,0
DA:326,0
DA:333,0
DA:334,0
DA:335,0
DA:342,0
DA:345,0
DA:348,0
DA:355,0
DA:360,0
DA:361,0
DA:372,0
DA:373,0
DA:374,0
DA:375,0
DA:376,0
DA:378,0
DA:379,0
DA:385,0
DA:386,0
DA:393,0
DA:394,0
DA:395,0
DA:402,0
DA:403,0
DA:410,0
DA:411,0
DA:412,0
DA:413,0
DA:416,0
DA:424,0
DA:429,0
DA:430,0
DA:441,0
DA:442,0
DA:444,0
DA:449,0
DA:450,0
DA:453,0
DA:454,0
DA:461,0
DA:462,0
DA:464,0
DA:467,0
DA:471,0
DA:476,0
DA:477,0
DA:488,0
DA:489,0
DA:490,0
DA:492,0
DA:493,0
DA:500,0
DA:501,0
DA:502,0
DA:509,0
DA:512,0
DA:513,0
DA:514,0
DA:517,0
DA:525,0
DA:526,0
DA:537,0
DA:538,0
DA:539,0
DA:541,0
DA:542,0
DA:549,0
DA:550,0
DA:551,0
DA:558,0
DA:560,0
DA:565,0
DA:566,0
DA:577,0
DA:578,0
DA:579,0
DA:580,0
DA:581,0
DA:583,0
DA:584,0
DA:591,0
DA:592,0
DA:593,0
DA:600,0
DA:603,0
DA:604,0
DA:605,0
DA:608,0
DA:615,0
DA:620,0
DA:621,0
DA:632,0
DA:633,0
DA:634,0
DA:635,0
DA:636,0
DA:638,0
DA:639,0
DA:646,0
DA:647,0
DA:648,0
DA:655,0
DA:658,0
DA:659,0
DA:660,0
DA:663,0
DA:671,0
DA:676,0
DA:677,0
DA:688,0
DA:689,0
DA:690,0
DA:691,0
DA:692,0
DA:694,0
DA:695,0
DA:702,0
DA:703,0
DA:710,0
DA:711,0
DA:712,0
DA:719,0
DA:723,0
DA:724,0
DA:727,0
DA:730,0
DA:736,0
DA:741,0
DA:742,0
DA:753,0
DA:754,0
DA:755,0
DA:756,0
DA:757,0
DA:759,0
DA:760,0
DA:767,0
DA:768,0
DA:769,0
DA:776,0
DA:777,0
DA:778,0
DA:785,0
DA:788,0
DA:789,0
DA:790,0
DA:794,0
DA:795,0
DA:798,0
DA:805,0
DA:810,0
DA:811,0
DA:822,0
DA:823,0
DA:824,0
DA:825,0
DA:827,0
DA:828,0
DA:835,0
DA:836,0
DA:837,0
DA:844,0
DA:845,0
DA:846,0
DA:853,0
DA:856,0
DA:857,0
DA:858,0
DA:861,0
DA:870,0
DA:875,0
DA:876,0
DA:887,0
DA:888,0
DA:889,0
DA:890,0
DA:891,0
DA:893,0
DA:894,0
DA:901,0
DA:902,0
DA:909,0
DA:910,0
DA:911,0
DA:912,0
DA:918,0
DA:919,0
DA:925,0
DA:926,0
DA:934,0
DA:935,0
DA:936,0
DA:943,0
DA:946,0
DA:947,0
DA:948,0
DA:951,0
DA:959,0
DA:964,0
DA:965,0
DA:976,0
DA:977,0
DA:978,0
DA:979,0
DA:981,0
DA:982,0
DA:989,0
DA:990,0
DA:991,0
DA:998,0
DA:1000,0
DA:1009,0
DA:1010,0
DA:1011,0
DA:1012,0
DA:1013,0
DA:1014,0
DA:1017,0
DA:1019,0
DA:1032,0
DA:1033,0
DA:1044,0
DA:1045,0
DA:1046,0
DA:1048,0
DA:1049,0
DA:1056,0
DA:1062,0
DA:1075,0
DA:1076,0
DA:1080,0
LF:331
LH:0
BRDA:22,0,0,0
BRDA:23,1,0,0
BRDA:24,2,0,0
BRDA:26,3,0,0
BRDA:29,4,0,0
BRDA:30,5,0,0
BRDA:34,6,0,0
BRDA:34,6,1,0
BRDA:40,7,0,0
BRDA:40,7,1,0
BRDA:47,8,0,0
BRDA:47,8,1,0
BRDA:51,9,0,0
BRDA:51,9,1,0
BRDA:55,10,0,0
BRDA:55,10,1,0
BRDA:59,11,0,0
BRDA:59,11,1,0
BRDA:102,12,0,0
BRDA:102,12,1,0
BRDA:112,13,0,0
BRDA:112,13,1,0
BRDA:142,14,0,0
BRDA:142,14,1,0
BRDA:143,15,0,0
BRDA:143,15,1,0
BRDA:151,16,0,0
BRDA:151,16,1,0
BRDA:165,17,0,0
BRDA:165,17,1,0
BRDA:199,18,0,0
BRDA:199,18,1,0
BRDA:208,19,0,0
BRDA:208,19,1,0
BRDA:216,20,0,0
BRDA:216,20,1,0
BRDA:216,21,0,0
BRDA:216,21,1,0
BRDA:217,22,0,0
BRDA:217,22,1,0
BRDA:225,23,0,0
BRDA:225,23,1,0
BRDA:233,24,0,0
BRDA:233,24,1,0
BRDA:244,25,0,0
BRDA:244,25,1,0
BRDA:256,26,0,0
BRDA:256,26,1,0
BRDA:256,27,0,0
BRDA:256,27,1,0
BRDA:259,28,0,0
BRDA:259,28,1,0
BRDA:269,29,0,0
BRDA:269,29,1,0
BRDA:279,30,0,0
BRDA:279,30,1,0
BRDA:279,31,0,0
BRDA:279,31,1,0
BRDA:316,32,0,0
BRDA:316,32,1,0
BRDA:325,33,0,0
BRDA:325,33,1,0
BRDA:334,34,0,0
BRDA:334,34,1,0
BRDA:352,35,0,0
BRDA:352,35,1,0
BRDA:378,36,0,0
BRDA:378,36,1,0
BRDA:385,37,0,0
BRDA:385,37,1,0
BRDA:394,38,0,0
BRDA:394,38,1,0
BRDA:402,39,0,0
BRDA:402,39,1,0
BRDA:421,40,0,0
BRDA:421,40,1,0
BRDA:462,41,0,0
BRDA:462,41,1,0
BRDA:462,42,0,0
BRDA:462,42,1,0
BRDA:492,43,0,0
BRDA:492,43,1,0
BRDA:501,44,0,0
BRDA:501,44,1,0
BRDA:513,45,0,0
BRDA:513,45,1,0
BRDA:521,46,0,0
BRDA:521,46,1,0
BRDA:541,47,0,0
BRDA:541,47,1,0
BRDA:550,48,0,0
BRDA:550,48,1,0
BRDA:583,49,0,0
BRDA:583,49,1,0
BRDA:592,50,0,0
BRDA:592,50,1,0
BRDA:638,51,0,0
BRDA:638,51,1,0
BRDA:647,52,0,0
BRDA:647,52,1,0
BRDA:694,53,0,0
BRDA:694,53,1,0
BRDA:702,54,0,0
BRDA:702,54,1,0
BRDA:702,55,0,0
BRDA:702,55,1,0
BRDA:702,55,2,0
BRDA:711,56,0,0
BRDA:711,56,1,0
BRDA:759,57,0,0
BRDA:759,57,1,0
BRDA:759,58,0,0
BRDA:759,58,1,0
BRDA:768,59,0,0
BRDA:768,59,1,0
BRDA:777,60,0,0
BRDA:777,60,1,0
BRDA:789,61,0,0
BRDA:789,61,1,0
BRDA:827,62,0,0
BRDA:827,62,1,0
BRDA:827,63,0,0
BRDA:827,63,1,0
BRDA:836,64,0,0
BRDA:836,64,1,0
BRDA:845,65,0,0
BRDA:845,65,1,0
BRDA:893,66,0,0
BRDA:893,66,1,0
BRDA:901,67,0,0
BRDA:901,67,1,0
BRDA:911,68,0,0
BRDA:911,68,1,0
BRDA:911,69,0,0
BRDA:911,69,1,0
BRDA:918,70,0,0
BRDA:918,70,1,0
BRDA:925,71,0,0
BRDA:925,71,1,0
BRDA:925,72,0,0
BRDA:925,72,1,0
BRDA:925,72,2,0
BRDA:935,73,0,0
BRDA:935,73,1,0
BRDA:979,74,0,0
BRDA:979,75,0,0
BRDA:981,76,0,0
BRDA:981,76,1,0
BRDA:990,77,0,0
BRDA:990,77,1,0
BRDA:1010,78,0,0
BRDA:1010,78,1,0
BRDA:1011,79,0,0
BRDA:1011,79,1,0
BRDA:1011,80,0,0
BRDA:1011,80,1,0
BRDA:1013,81,0,0
BRDA:1013,81,1,0
BRDA:1014,82,0,0
BRDA:1014,82,1,0
BRDA:1046,83,0,0
BRDA:1048,84,0,0
BRDA:1048,84,1,0
BRDA:1048,85,0,0
BRDA:1048,85,1,0
BRF:165
BRH:0
end_of_record
TN:
SF:src\controllers\serviceAreaController.js
FN:28,(anonymous_0)
FN:163,(anonymous_1)
FN:211,(anonymous_2)
FN:229,(anonymous_3)
FN:306,(anonymous_4)
FN:410,(anonymous_5)
FN:472,(anonymous_6)
FN:546,(anonymous_7)
FN:578,(anonymous_8)
FN:590,(anonymous_9)
FN:668,(anonymous_10)
FN:690,(anonymous_11)
FN:748,(anonymous_12)
FN:822,(anonymous_13)
FN:869,(anonymous_14)
FN:889,(anonymous_15)
FN:903,(anonymous_16)
FN:927,(anonymous_17)
FN:928,(anonymous_18)
FN:948,(anonymous_19)
FN:1006,(anonymous_20)
FN:1052,(anonymous_21)
FN:1059,(anonymous_22)
FN:1068,(anonymous_23)
FN:1091,(anonymous_24)
FN:1115,(anonymous_25)
FN:1135,(anonymous_26)
FN:1168,(anonymous_27)
FN:1255,(anonymous_28)
FN:1284,(anonymous_29)
FN:1309,(anonymous_30)
FN:1337,(anonymous_31)
FN:1357,(anonymous_32)
FN:1379,(anonymous_33)
FN:1393,(anonymous_34)
FN:1407,(anonymous_35)
FN:1426,(anonymous_36)
FN:1458,(anonymous_37)
FNF:38
FNH:0
FNDA:0,(anonymous_0)
FNDA:0,(anonymous_1)
FNDA:0,(anonymous_2)
FNDA:0,(anonymous_3)
FNDA:0,(anonymous_4)
FNDA:0,(anonymous_5)
FNDA:0,(anonymous_6)
FNDA:0,(anonymous_7)
FNDA:0,(anonymous_8)
FNDA:0,(anonymous_9)
FNDA:0,(anonymous_10)
FNDA:0,(anonymous_11)
FNDA:0,(anonymous_12)
FNDA:0,(anonymous_13)
FNDA:0,(anonymous_14)
FNDA:0,(anonymous_15)
FNDA:0,(anonymous_16)
FNDA:0,(anonymous_17)
FNDA:0,(anonymous_18)
FNDA:0,(anonymous_19)
FNDA:0,(anonymous_20)
FNDA:0,(anonymous_21)
FNDA:0,(anonymous_22)
FNDA:0,(anonymous_23)
FNDA:0,(anonymous_24)
FNDA:0,(anonymous_25)
FNDA:0,(anonymous_26)
FNDA:0,(anonymous_27)
FNDA:0,(anonymous_28)
FNDA:0,(anonymous_29)
FNDA:0,(anonymous_30)
FNDA:0,(anonymous_31)
FNDA:0,(anonymous_32)
FNDA:0,(anonymous_33)
FNDA:0,(anonymous_34)
FNDA:0,(anonymous_35)
FNDA:0,(anonymous_36)
FNDA:0,(anonymous_37)
DA:6,0
DA:7,0
DA:8,0
DA:9,0
DA:10,0
DA:11,0
DA:12,0
DA:13,0
DA:14,0
DA:15,0
DA:16,0
DA:17,0
DA:18,0
DA:19,0
DA:20,0
DA:28,0
DA:29,0
DA:40,0
DA:43,0
DA:46,0
DA:47,0
DA:51,0
DA:52,0
DA:56,0
DA:57,0
DA:61,0
DA:62,0
DA:70,0
DA:71,0
DA:72,0
DA:73,0
DA:89,0
DA:90,0
DA:93,0
DA:99,0
DA:101,0
DA:109,0
DA:112,0
DA:118,0
DA:119,0
DA:122,0
DA:128,0
DA:132,0
DA:133,0
DA:134,0
DA:137,0
DA:152,0
DA:153,0
DA:163,0
DA:164,0
DA:165,0
DA:168,0
DA:169,0
DA:171,0
DA:172,0
DA:180,0
DA:184,0
DA:185,0
DA:192,0
DA:194,0
DA:200,0
DA:201,0
DA:211,0
DA:212,0
DA:213,0
DA:215,0
DA:216,0
DA:219,0
DA:220,0
DA:221,0
DA:228,0
DA:229,0
DA:230,0
DA:232,0
DA:233,0
DA:241,0
DA:242,0
DA:249,0
DA:253,0
DA:258,0
DA:259,0
DA:260,0
DA:264,0
DA:265,0
DA:268,0
DA:277,0
DA:280,0
DA:281,0
DA:284,0
DA:286,0
DA:292,0
DA:293,0
DA:295,0
DA:296,0
DA:306,0
DA:307,0
DA:308,0
DA:310,0
DA:311,0
DA:312,0
DA:315,0
DA:317,0
DA:318,0
DA:325,0
DA:328,0
DA:329,0
DA:330,0
DA:331,0
DA:339,0
DA:340,0
DA:348,0
DA:350,0
DA:355,0
DA:356,0
DA:360,0
DA:367,0
DA:370,0
DA:380,0
DA:383,0
DA:384,0
DA:387,0
DA:388,0
DA:390,0
DA:396,0
DA:397,0
DA:399,0
DA:400,0
DA:410,0
DA:411,0
DA:412,0
DA:414,0
DA:415,0
DA:418,0
DA:420,0
DA:421,0
DA:428,0
DA:431,0
DA:434,0
DA:442,0
DA:445,0
DA:446,0
DA:449,0
DA:450,0
DA:452,0
DA:458,0
DA:459,0
DA:461,0
DA:462,0
DA:472,0
DA:473,0
DA:474,0
DA:476,0
DA:477,0
DA:478,0
DA:481,0
DA:483,0
DA:484,0
DA:491,0
DA:494,0
DA:506,0
DA:516,0
DA:519,0
DA:520,0
DA:523,0
DA:524,0
DA:526,0
DA:532,0
DA:533,0
DA:535,0
DA:536,0
DA:546,0
DA:547,0
DA:548,0
DA:550,0
DA:551,0
DA:552,0
DA:555,0
DA:557,0
DA:558,0
DA:565,0
DA:566,0
DA:567,0
DA:574,0
DA:577,0
DA:578,0
DA:583,0
DA:585,0
DA:586,0
DA:589,0
DA:590,0
DA:591,0
DA:592,0
DA:597,0
DA:600,0
DA:607,0
DA:608,0
DA:613,0
DA:619,0
DA:628,0
DA:638,0
DA:641,0
DA:642,0
DA:645,0
DA:646,0
DA:648,0
DA:654,0
DA:655,0
DA:657,0
DA:658,0
DA:668,0
DA:669,0
DA:670,0
DA:672,0
DA:673,0
DA:676,0
DA:678,0
DA:679,0
DA:686,0
DA:689,0
DA:690,0
DA:693,0
DA:694,0
DA:701,0
DA:708,0
DA:718,0
DA:721,0
DA:722,0
DA:725,0
DA:726,0
DA:728,0
DA:734,0
DA:735,0
DA:737,0
DA:738,0
DA:748,0
DA:749,0
DA:750,0
DA:752,0
DA:753,0
DA:754,0
DA:757,0
DA:759,0
DA:760,0
DA:767,0
DA:770,0
DA:782,0
DA:792,0
DA:795,0
DA:796,0
DA:799,0
DA:800,0
DA:802,0
DA:808,0
DA:809,0
DA:811,0
DA:812,0
DA:822,0
DA:823,0
DA:824,0
DA:825,0
DA:828,0
DA:834,0
DA:835,0
DA:836,0
DA:837,0
DA:838,0
DA:839,0
DA:849,0
DA:858,0
DA:859,0
DA:869,0
DA:870,0
DA:871,0
DA:872,0
DA:875,0
DA:889,0
DA:890,0
DA:895,0
DA:903,0
DA:905,0
DA:914,0
DA:915,0
DA:927,0
DA:928,0
DA:929,0
DA:931,0
DA:932,0
DA:934,0
DA:937,0
DA:939,0
DA:948,0
DA:949,0
DA:950,0
DA:951,0
DA:954,0
DA:957,0
DA:958,0
DA:962,0
DA:965,0
DA:973,0
DA:976,0
DA:977,0
DA:978,0
DA:980,0
DA:995,0
DA:996,0
DA:1006,0
DA:1007,0
DA:1008,0
DA:1011,0
DA:1013,0
DA:1014,0
DA:1021,0
DA:1032,0
DA:1045,0
DA:1046,0
DA:1051,0
DA:1053,0
DA:1054,0
DA:1055,0
DA:1057,0
DA:1060,0
DA:1061,0
DA:1065,0
DA:1070,0
DA:1071,0
DA:1072,0
DA:1074,0
DA:1075,0
DA:1077,0
DA:1083,0
DA:1091,0
DA:1092,0
DA:1094,0
DA:1096,0
DA:1097,0
DA:1103,0
DA:1104,0
DA:1107,0
DA:1109,0
DA:1111,0
DA:1112,0
DA:1114,0
DA:1115,0
DA:1116,0
DA:1118,0
DA:1130,0
DA:1132,0
DA:1133,0
DA:1135,0
DA:1137,0
DA:1138,0
DA:1139,0
DA:1142,0
DA:1144,0
DA:1161,0
DA:1163,0
DA:1164,0
DA:1165,0
DA:1167,0
DA:1168,0
DA:1169,0
DA:1171,0
DA:1186,0
DA:1194,0
DA:1195,0
DA:1197,0
DA:1199,0
DA:1201,0
DA:1206,0
DA:1207,0
DA:1209,0
DA:1210,0
DA:1213,0
DA:1214,0
DA:1220,0
DA:1221,0
DA:1229,0
DA:1232,0
DA:1234,0
DA:1240,0
DA:1241,0
DA:1244,0
DA:1245,0
DA:1255,0
DA:1256,0
DA:1257,0
DA:1260,0
DA:1263,0
DA:1264,0
DA:1268,0
DA:1271,0
DA:1272,0
DA:1273,0
DA:1279,0
DA:1281,0
DA:1282,0
DA:1284,0
DA:1298,0
DA:1303,0
DA:1304,0
DA:1306,0
DA:1307,0
DA:1309,0
DA:1321,0
DA:1322,0
DA:1323,0
DA:1325,0
DA:1326,0
DA:1328,0
DA:1329,0
DA:1334,0
DA:1337,0
DA:1351,0
DA:1357,0
DA:1369,0
DA:1372,0
DA:1373,0
DA:1376,0
DA:1379,0
DA:1380,0
DA:1385,0
DA:1386,0
DA:1389,0
DA:1390,0
DA:1393,0
DA:1394,0
DA:1397,0
DA:1398,0
DA:1407,0
DA:1408,0
DA:1411,0
DA:1413,0
DA:1415,0
DA:1417,0
DA:1426,0
DA:1428,0
DA:1429,0
DA:1430,0
DA:1431,0
DA:1433,0
DA:1434,0
DA:1435,0
DA:1438,0
DA:1445,0
DA:1458,0
DA:1459,0
DA:1460,0
DA:1461,0
DA:1463,0
DA:1464,0
DA:1465,0
DA:1466,0
DA:1469,0
DA:1470,0
DA:1472,0
DA:1476,0
DA:1478,0
DA:1481,0
LF:459
LH:0
BRDA:31,0,0,0
BRDA:32,1,0,0
BRDA:33,2,0,0
BRDA:38,3,0,0
BRDA:39,4,0,0
BRDA:46,5,0,0
BRDA:46,5,1,0
BRDA:51,6,0,0
BRDA:51,6,1,0
BRDA:56,7,0,0
BRDA:56,7,1,0
BRDA:61,8,0,0
BRDA:61,8,1,0
BRDA:71,9,0,0
BRDA:71,9,1,0
BRDA:71,10,0,0
BRDA:71,10,1,0
BRDA:71,10,2,0
BRDA:72,11,0,0
BRDA:72,11,1,0
BRDA:90,12,0,0
BRDA:90,12,1,0
BRDA:99,13,0,0
BRDA:99,13,1,0
BRDA:119,14,0,0
BRDA:119,14,1,0
BRDA:171,15,0,0
BRDA:171,15,1,0
BRDA:184,16,0,0
BRDA:184,16,1,0
BRDA:220,17,0,0
BRDA:220,17,1,0
BRDA:228,18,0,0
BRDA:228,18,1,0
BRDA:228,19,0,0
BRDA:228,19,1,0
BRDA:232,20,0,0
BRDA:232,20,1,0
BRDA:241,21,0,0
BRDA:241,21,1,0
BRDA:258,22,0,0
BRDA:258,22,1,0
BRDA:258,23,0,0
BRDA:258,23,1,0
BRDA:272,24,0,0
BRDA:272,24,1,0
BRDA:274,25,0,0
BRDA:274,25,1,0
BRDA:317,26,0,0
BRDA:317,26,1,0
BRDA:328,27,0,0
BRDA:328,27,1,0
BRDA:328,28,0,0
BRDA:328,28,1,0
BRDA:330,29,0,0
BRDA:330,29,1,0
BRDA:339,30,0,0
BRDA:339,30,1,0
BRDA:339,31,0,0
BRDA:339,31,1,0
BRDA:355,32,0,0
BRDA:355,32,1,0
BRDA:355,33,0,0
BRDA:355,33,1,0
BRDA:375,34,0,0
BRDA:375,34,1,0
BRDA:377,35,0,0
BRDA:377,35,1,0
BRDA:420,36,0,0
BRDA:420,36,1,0
BRDA:438,37,0,0
BRDA:438,37,1,0
BRDA:439,38,0,0
BRDA:439,38,1,0
BRDA:483,39,0,0
BRDA:483,39,1,0
BRDA:499,40,0,0
BRDA:499,40,1,0
BRDA:511,41,0,0
BRDA:511,41,1,0
BRDA:513,42,0,0
BRDA:513,42,1,0
BRDA:552,43,0,0
BRDA:557,44,0,0
BRDA:557,44,1,0
BRDA:566,45,0,0
BRDA:566,45,1,0
BRDA:583,46,0,0
BRDA:583,46,1,0
BRDA:589,47,0,0
BRDA:589,47,1,0
BRDA:591,48,0,0
BRDA:591,48,1,0
BRDA:607,49,0,0
BRDA:607,49,1,0
BRDA:633,50,0,0
BRDA:633,50,1,0
BRDA:635,51,0,0
BRDA:635,51,1,0
BRDA:678,52,0,0
BRDA:678,52,1,0
BRDA:693,53,0,0
BRDA:693,53,1,0
BRDA:713,54,0,0
BRDA:713,54,1,0
BRDA:715,55,0,0
BRDA:715,55,1,0
BRDA:759,56,0,0
BRDA:759,56,1,0
BRDA:775,57,0,0
BRDA:775,57,1,0
BRDA:787,58,0,0
BRDA:787,58,1,0
BRDA:789,59,0,0
BRDA:789,59,1,0
BRDA:837,60,0,0
BRDA:837,60,1,0
BRDA:871,61,0,0
BRDA:951,62,0,0
BRDA:951,63,0,0
BRDA:957,64,0,0
BRDA:957,64,1,0
BRDA:1013,65,0,0
BRDA:1013,65,1,0
BRDA:1054,66,0,0
BRDA:1054,66,1,0
BRDA:1074,67,0,0
BRDA:1074,67,1,0
BRDA:1074,68,0,0
BRDA:1074,68,1,0
BRDA:1096,69,0,0
BRDA:1096,69,1,0
BRDA:1103,70,0,0
BRDA:1103,71,0,0
BRDA:1109,72,0,0
BRDA:1109,72,1,0
BRDA:1109,73,0,0
BRDA:1109,73,1,0
BRDA:1114,74,0,0
BRDA:1114,74,1,0
BRDA:1116,75,0,0
BRDA:1116,75,1,0
BRDA:1119,76,0,0
BRDA:1119,76,1,0
BRDA:1120,77,0,0
BRDA:1120,77,1,0
BRDA:1121,78,0,0
BRDA:1121,78,1,0
BRDA:1124,79,0,0
BRDA:1124,79,1,0
BRDA:1125,80,0,0
BRDA:1125,80,1,0
BRDA:1126,81,0,0
BRDA:1126,81,1,0
BRDA:1130,82,0,0
BRDA:1130,82,1,0
BRDA:1137,83,0,0
BRDA:1137,83,1,0
BRDA:1138,84,0,0
BRDA:1138,84,1,0
BRDA:1139,85,0,0
BRDA:1139,85,1,0
BRDA:1145,86,0,0
BRDA:1145,86,1,0
BRDA:1146,87,0,0
BRDA:1146,87,1,0
BRDA:1147,88,0,0
BRDA:1147,88,1,0
BRDA:1157,89,0,0
BRDA:1157,89,1,0
BRDA:1158,90,0,0
BRDA:1158,90,1,0
BRDA:1161,91,0,0
BRDA:1161,91,1,0
BRDA:1167,92,0,0
BRDA:1167,92,1,0
BRDA:1169,93,0,0
BRDA:1169,93,1,0
BRDA:1172,94,0,0
BRDA:1172,94,1,0
BRDA:1173,95,0,0
BRDA:1173,95,1,0
BRDA:1174,96,0,0
BRDA:1174,96,1,0
BRDA:1177,97,0,0
BRDA:1177,97,1,0
BRDA:1178,98,0,0
BRDA:1178,98,1,0
BRDA:1179,99,0,0
BRDA:1179,99,1,0
BRDA:1199,100,0,0
BRDA:1199,100,1,0
BRDA:1199,101,0,0
BRDA:1199,101,1,0
BRDA:1207,102,0,0
BRDA:1207,102,1,0
BRDA:1240,103,0,0
BRDA:1240,103,1,0
BRDA:1240,104,0,0
BRDA:1240,104,1,0
BRDA:1257,105,0,0
BRDA:1263,106,0,0
BRDA:1263,106,1,0
BRDA:1272,107,0,0
BRDA:1272,107,1,0
BRDA:1279,108,0,0
BRDA:1279,108,1,0
BRDA:1279,109,0,0
BRDA:1279,109,1,0
BRDA:1304,110,0,0
BRDA:1304,110,1,0
BRDA:1323,111,0,0
BRDA:1323,111,1,0
BRDA:1408,112,0,0
BRDA:1408,112,1,0
BRDA:1408,112,2,0
BRDA:1408,112,3,0
BRDA:1408,112,4,0
BRDA:1428,113,0,0
BRDA:1428,113,1,0
BRDA:1447,114,0,0
BRDA:1447,114,1,0
BRF:222
BRH:0
end_of_record
TN:
SF:src\models\Branch.js
FN:260,(anonymous_0)
FN:274,(anonymous_1)
FN:294,(anonymous_2)
FN:302,(anonymous_3)
FN:312,(anonymous_4)
FN:329,(anonymous_5)
FN:343,(anonymous_6)
FN:355,(anonymous_7)
FN:366,(anonymous_8)
FN:375,(anonymous_9)
FN:389,(anonymous_10)
FN:408,(anonymous_11)
FN:416,(anonymous_12)
FNF:13
FNH:0
FNDA:0,(anonymous_0)
FNDA:0,(anonymous_1)
FNDA:0,(anonymous_2)
FNDA:0,(anonymous_3)
FNDA:0,(anonymous_4)
FNDA:0,(anonymous_5)
FNDA:0,(anonymous_6)
FNDA:0,(anonymous_7)
FNDA:0,(anonymous_8)
FNDA:0,(anonymous_9)
FNDA:0,(anonymous_10)
FNDA:0,(anonymous_11)
FNDA:0,(anonymous_12)
DA:6,0
DA:7,0
DA:10,0
DA:255,0
DA:260,0
DA:261,0
DA:262,0
DA:263,0
DA:265,0
DA:267,0
DA:274,0
DA:275,0
DA:277,0
DA:278,0
DA:280,0
DA:281,0
DA:282,0
DA:285,0
DA:286,0
DA:294,0
DA:295,0
DA:302,0
DA:303,0
DA:312,0
DA:313,0
DA:314,0
DA:317,0
DA:318,0
DA:329,0
DA:330,0
DA:331,0
DA:343,0
DA:344,0
DA:355,0
DA:356,0
DA:366,0
DA:367,0
DA:375,0
DA:376,0
DA:377,0
DA:378,0
DA:389,0
DA:390,0
DA:408,0
DA:409,0
DA:416,0
DA:417,0
DA:421,0
DA:423,0
LF:49
LH:0
BRDA:262,0,0,0
BRDA:262,0,1,0
BRDA:262,1,0,0
BRDA:262,1,1,0
BRDA:275,2,0,0
BRDA:275,2,1,0
BRDA:281,3,0,0
BRDA:281,3,1,0
BRDA:313,4,0,0
BRDA:313,4,1,0
BRDA:313,5,0,0
BRDA:313,5,1,0
BRDA:377,6,0,0
BRDA:377,6,1,0
BRDA:389,7,0,0
BRF:15
BRH:0
end_of_record
TN:
SF:src\models\BranchHistory.js
FN:61,(anonymous_0)
FN:80,(anonymous_1)
FN:100,(anonymous_2)
FN:119,(anonymous_3)
FN:139,(anonymous_4)
FN:157,(anonymous_5)
FN:175,(anonymous_6)
FN:192,(anonymous_7)
FNF:8
FNH:0
FNDA:0,(anonymous_0)
FNDA:0,(anonymous_1)
FNDA:0,(anonymous_2)
FNDA:0,(anonymous_3)
FNDA:0,(anonymous_4)
FNDA:0,(anonymous_5)
FNDA:0,(anonymous_6)
FNDA:0,(anonymous_7)
DA:6,0
DA:7,0
DA:9,0
DA:61,0
DA:62,0
DA:80,0
DA:81,0
DA:100,0
DA:101,0
DA:119,0
DA:120,0
DA:139,0
DA:140,0
DA:157,0
DA:158,0
DA:175,0
DA:176,0
DA:192,0
DA:193,0
DA:195,0
DA:197,0
DA:198,0
DA:201,0
DA:202,0
DA:204,0
DA:205,0
DA:208,0
DA:209,0
DA:213,0
DA:221,0
DA:223,0
LF:31
LH:0
BRDA:80,0,0,0
BRDA:100,1,0,0
BRDA:119,2,0,0
BRDA:192,3,0,0
BRDA:193,4,0,0
BRDA:193,5,0,0
BRDA:197,6,0,0
BRDA:197,6,1,0
BRDA:201,7,0,0
BRDA:201,7,1,0
BRDA:201,8,0,0
BRDA:201,8,1,0
BRDA:204,9,0,0
BRDA:204,9,1,0
BRDA:208,10,0,0
BRDA:208,10,1,0
BRF:16
BRH:0
end_of_record
TN:
SF:src\models\ServiceArea.js
FN:144,(anonymous_0)
FN:163,(anonymous_1)
FN:164,(anonymous_2)
FN:188,(anonymous_3)
FNF:4
FNH:0
FNDA:0,(anonymous_0)
FNDA:0,(anonymous_1)
FNDA:0,(anonymous_2)
FNDA:0,(anonymous_3)
DA:6,0
DA:7,0
DA:9,0
DA:132,0
DA:133,0
DA:136,0
DA:137,0
DA:144,0
DA:145,0
DA:163,0
DA:164,0
DA:165,0
DA:167,0
DA:168,0
DA:169,0
DA:170,0
DA:172,0
DA:173,0
DA:175,0
DA:178,0
DA:180,0
DA:188,0
DA:189,0
DA:199,0
DA:201,0
LF:25
LH:0
BRF:0
BRH:0
end_of_record
TN:
SF:src\models\ServiceAreaHistory.js
FNF:0
FNH:0
DA:6,0
DA:7,0
DA:9,0
DA:47,0
DA:48,0
DA:49,0
DA:51,0
DA:53,0
LF:8
LH:0
BRF:0
BRH:0
end_of_record
TN:
SF:src\routes\branchRoutes.js
FNF:0
FNH:0
DA:6,0
DA:7,0
DA:8,0
DA:9,0
DA:10,0
DA:11,0
DA:12,0
DA:93,0
DA:128,0
DA:163,0
DA:207,0
DA:246,0
DA:298,0
DA:326,0
DA:367,0
DA:403,0
DA:447,0
DA:492,0
DA:537,0
DA:588,0
DA:631,0
DA:675,0
DA:742,0
DA:790,0
DA:797,0
LF:25
LH:0
BRF:0
BRH:0
end_of_record
TN:
SF:src\routes\serviceAreaRoutes.js
FNF:0
FNH:0
DA:6,0
DA:7,0
DA:8,0
DA:9,0
DA:10,0
DA:11,0
DA:12,0
DA:83,0
DA:113,0
DA:144,0
DA:184,0
DA:217,0
DA:257,0
DA:298,0
DA:337,0
DA:377,0
DA:414,0
DA:456,0
DA:506,0
DA:538,0
DA:583,0
DA:632,0
DA:638,0
LF:23
LH:0
BRF:0
BRH:0
end_of_record
TN:
SF:src\utils\logger.js
FN:34,(anonymous_0)
FN:61,(anonymous_1)
FN:62,(anonymous_2)
FN:79,(anonymous_3)
FNF:4
FNH:0
FNDA:0,(anonymous_0)
FNDA:0,(anonymous_1)
FNDA:0,(anonymous_2)
FNDA:0,(anonymous_3)
DA:6,1
DA:7,1
DA:8,1
DA:11,1
DA:12,1
DA:13,0
DA:17,1
DA:25,1
DA:35,0
DA:61,1
DA:62,0
DA:64,0
DA:67,0
DA:70,0
DA:79,0
DA:80,0
DA:81,0
DA:83,0
DA:94,0
DA:98,1
LF:20
LH:9
BRDA:12,0,0,0
BRDA:12,0,1,1
BRDA:26,1,0,1
BRDA:26,1,1,1
BRDA:36,2,0,0
BRDA:36,2,1,0
BRDA:67,3,0,0
BRDA:67,3,1,0
BRDA:81,4,0,0
BRDA:81,4,1,0
BRF:10
BRH:3
end_of_record
TN:
SF:src\utils\redis.js
FN:20,(anonymous_0)
FN:27,(anonymous_1)
FN:28,(anonymous_2)
FN:45,(anonymous_3)
FN:50,(anonymous_4)
FN:57,(anonymous_5)
FN:65,(anonymous_6)
FN:68,(anonymous_7)
FN:93,(anonymous_8)
FN:113,(anonymous_9)
FN:132,(anonymous_10)
FN:156,(anonymous_11)
FN:173,(anonymous_12)
FNF:13
FNH:0
FNDA:0,(anonymous_0)
FNDA:0,(anonymous_1)
FNDA:0,(anonymous_2)
FNDA:0,(anonymous_3)
FNDA:0,(anonymous_4)
FNDA:0,(anonymous_5)
FNDA:0,(anonymous_6)
FNDA:0,(anonymous_7)
FNDA:0,(anonymous_8)
FNDA:0,(anonymous_9)
FNDA:0,(anonymous_10)
FNDA:0,(anonymous_11)
FNDA:0,(anonymous_12)
DA:6,0
DA:7,0
DA:11,0
DA:12,0
DA:13,0
DA:14,0
DA:20,0
DA:21,0
DA:22,0
DA:25,0
DA:27,0
DA:28,0
DA:29,0
DA:30,0
DA:31,0
DA:37,0
DA:39,0
DA:40,0
DA:45,0
DA:46,0
DA:47,0
DA:50,0
DA:51,0
DA:52,0
DA:53,0
DA:54,0
DA:57,0
DA:58,0
DA:59,0
DA:62,0
DA:63,0
DA:64,0
DA:65,0
DA:66,0
DA:67,0
DA:68,0
DA:69,0
DA:73,0
DA:78,0
DA:80,0
DA:82,0
DA:83,0
DA:84,0
DA:93,0
DA:94,0
DA:95,0
DA:96,0
DA:99,0
DA:101,0
DA:102,0
DA:113,0
DA:114,0
DA:115,0
DA:116,0
DA:119,0
DA:120,0
DA:122,0
DA:123,0
DA:132,0
DA:133,0
DA:134,0
DA:135,0
DA:138,0
DA:139,0
DA:141,0
DA:144,0
DA:146,0
DA:147,0
DA:156,0
DA:157,0
DA:158,0
DA:159,0
DA:162,0
DA:164,0
DA:165,0
DA:173,0
DA:174,0
DA:177,0
LF:78
LH:0
BRDA:21,0,0,0
BRDA:21,0,1,0
BRDA:25,1,0,0
BRDA:25,1,1,0
BRDA:29,2,0,0
BRDA:29,2,1,0
BRDA:41,3,0,0
BRDA:41,3,1,0
BRDA:62,4,0,0
BRDA:62,4,1,0
BRDA:95,5,0,0
BRDA:95,5,1,0
BRDA:113,6,0,0
BRDA:115,7,0,0
BRDA:115,7,1,0
BRDA:134,8,0,0
BRDA:134,8,1,0
BRDA:138,9,0,0
BRDA:138,9,1,0
BRDA:158,10,0,0
BRDA:158,10,1,0
BRF:21
BRH:0
end_of_record
TN:
SF:src\utils\serviceAreaValidation.js
FN:59,(anonymous_0)
FN:108,(anonymous_1)
FN:132,(anonymous_2)
FN:194,(anonymous_3)
FNF:4
FNH:0
FNDA:0,(anonymous_0)
FNDA:0,(anonymous_1)
FNDA:0,(anonymous_2)
FNDA:0,(anonymous_3)
DA:6,1
DA:7,1
DA:8,1
DA:11,1
DA:21,1
DA:34,1
DA:60,0
DA:61,0
DA:63,0
DA:109,0
DA:110,0
DA:112,0
DA:133,0
DA:134,0
DA:136,0
DA:188,1
DA:195,0
DA:196,0
DA:198,0
DA:209,1
LF:20
LH:8
BRDA:60,0,0,0
BRDA:60,0,1,0
BRDA:109,1,0,0
BRDA:109,1,1,0
BRDA:133,2,0,0
BRDA:133,2,1,0
BRDA:195,3,0,0
BRDA:195,3,1,0
BRDA:195,4,0,0
BRDA:195,4,1,0
BRF:10
BRH:0
end_of_record
TN:
SF:src\utils\validationUtil.js
FN:15,(anonymous_0)
FN:25,(anonymous_1)
FN:26,(anonymous_2)
FN:33,(anonymous_3)
FN:79,(anonymous_4)
FN:128,(anonymous_5)
FN:155,(anonymous_6)
FNF:7
FNH:0
FNDA:0,(anonymous_0)
FNDA:0,(anonymous_1)
FNDA:0,(anonymous_2)
FNDA:0,(anonymous_3)
FNDA:0,(anonymous_4)
FNDA:0,(anonymous_5)
FNDA:0,(anonymous_6)
DA:6,1
DA:7,1
DA:8,1
DA:15,1
DA:16,0
DA:25,1
DA:26,0
DA:27,0
DA:32,0
DA:33,0
DA:38,0
DA:40,0
DA:48,0
DA:49,0
DA:54,1
DA:80,0
DA:81,0
DA:83,0
DA:129,0
DA:130,0
DA:132,0
DA:156,0
DA:157,0
DA:159,0
DA:248,1
DA:256,1
LF:26
LH:8
BRDA:25,0,0,0
BRDA:32,1,0,0
BRDA:32,1,1,0
BRDA:80,2,0,0
BRDA:80,2,1,0
BRDA:80,3,0,0
BRDA:80,3,1,0
BRDA:129,4,0,0
BRDA:129,4,1,0
BRDA:129,5,0,0
BRDA:129,5,1,0
BRDA:156,6,0,0
BRDA:156,6,1,0
BRF:13
BRH:0
end_of_record
